2024-07-22T17:50:09.426Z 0: 

----------------------------------------------
2024-07-22T17:50:09.442Z 1: Discord starting: {"releaseChannel":"stable","version":"0.0.60"}, modulepath: /home/paul/.config/discord/0.0.60/modules
2024-07-22T17:50:09.448Z 2: ✅ webContents.created web1 ""
2024-07-22T17:50:09.451Z 3: ✅ window.created win1 "discord"
2024-07-22T17:50:09.970Z 4: ✅ webContents.did-finish-load web1
2024-07-22T17:50:31.624Z 5: ✅ webContents.created web2 ""
2024-07-22T17:50:31.643Z 6: ✅ window.created win2 "Discord"
2024-07-22T17:50:34.745Z 7: ✅ webContents.did-finish-load web2
2024-07-22T17:50:34.847Z 8: window.close win1
2024-07-22T17:50:34.867Z 9: webContents.destroyed web1
2024-07-22T17:50:34.872Z 10: window.closed win1
2024-07-22T18:45:38.003Z 11: window.close win2
2024-07-22T18:46:15.870Z 0: 

----------------------------------------------
2024-07-22T18:46:15.887Z 1: Discord starting: {"releaseChannel":"stable","version":"0.0.60"}, modulepath: /home/paul/.config/discord/0.0.60/modules
2024-07-22T18:47:06.499Z 12: window.close win2
2024-07-22T18:55:07.269Z 0: 

----------------------------------------------
2024-07-22T18:55:07.276Z 1: Discord starting: {"releaseChannel":"stable","version":"0.0.60"}, modulepath: /home/paul/.config/discord/0.0.60/modules
2024-07-22T19:27:56.013Z 13: window.close win2
2024-07-22T20:00:56.673Z 0: 

----------------------------------------------
2024-07-22T20:00:56.686Z 1: Discord starting: {"releaseChannel":"stable","version":"0.0.60"}, modulepath: /home/paul/.config/discord/0.0.60/modules
2024-07-22T20:00:56.690Z 2: ✅ webContents.created web1 ""
2024-07-22T20:00:56.691Z 3: ✅ window.created win1 "discord"
2024-07-22T20:00:56.942Z 4: ✅ webContents.did-finish-load web1
2024-07-22T20:31:25.206Z 5: window.close win1
2024-07-22T20:31:25.213Z 6: webContents.destroyed web1
2024-07-23T12:31:50.798Z 0: 

----------------------------------------------
2024-07-23T12:31:50.831Z 1: Discord starting: {"releaseChannel":"stable","version":"0.0.60"}, modulepath: /home/paul/.config/discord/0.0.60/modules
2024-07-23T12:31:50.841Z 2: ✅ webContents.created web1 ""
2024-07-23T12:31:50.844Z 3: ✅ window.created win1 "discord"
2024-07-23T12:31:51.439Z 4: ✅ webContents.did-finish-load web1
2024-07-23T12:34:47.381Z 5: window.close win1
2024-07-23T12:34:47.393Z 6: webContents.destroyed web1
2024-07-23T12:34:56.349Z 0: 

----------------------------------------------
2024-07-23T12:34:56.373Z 1: Discord starting: {"releaseChannel":"stable","version":"0.0.60"}, modulepath: /home/paul/.config/discord/0.0.60/modules
2024-07-23T12:34:56.382Z 2: ✅ webContents.created web1 ""
2024-07-23T12:34:56.386Z 3: ✅ window.created win1 "discord"
2024-07-23T12:34:56.915Z 4: ✅ webContents.did-finish-load web1
2024-07-23T12:35:02.774Z 5: ✅ webContents.created web2 ""
2024-07-23T12:35:02.809Z 6: ✅ window.created win2 "Discord"
2024-07-23T12:35:13.830Z 7: ✅ webContents.did-finish-load web2
2024-07-23T12:35:13.925Z 8: window.close win1
2024-07-23T12:35:13.940Z 9: webContents.destroyed web1
2024-07-23T12:35:13.944Z 10: window.closed win1
2024-07-23T13:26:58.915Z 11: before-quit
2024-07-23T15:25:34.584Z 0: 

----------------------------------------------
2024-07-23T15:25:34.612Z 1: Discord starting: {"releaseChannel":"stable","version":"0.0.60"}, modulepath: /home/paul/.config/discord/0.0.60/modules
2024-07-23T15:25:34.620Z 2: ✅ webContents.created web1 ""
2024-07-23T15:25:34.623Z 3: ✅ window.created win1 "discord"
2024-07-23T15:25:35.184Z 4: ✅ webContents.did-finish-load web1
2024-07-23T15:25:41.670Z 5: ✅ webContents.created web2 ""
2024-07-23T15:25:41.698Z 6: ✅ window.created win2 "Discord"
2024-07-23T15:25:53.874Z 7: ✅ webContents.did-finish-load web2
2024-07-23T15:25:53.970Z 8: window.close win1
2024-07-23T15:25:53.985Z 9: webContents.destroyed web1
2024-07-23T15:25:53.988Z 10: window.closed win1
2024-07-23T19:32:54.160Z 11: window.close win2
2024-07-25T15:13:33.040Z 0: 

----------------------------------------------
2024-07-25T15:13:33.066Z 1: Discord starting: {"releaseChannel":"stable","version":"0.0.60"}, modulepath: /home/paul/.config/discord/0.0.60/modules
2024-07-25T15:13:33.076Z 2: ✅ webContents.created web1 ""
2024-07-25T15:13:33.080Z 3: ✅ window.created win1 "discord"
2024-07-25T15:13:33.974Z 4: ✅ webContents.did-finish-load web1
2024-07-25T15:13:35.512Z 5: ✅ webContents.created web2 ""
2024-07-25T15:13:35.537Z 6: ✅ window.created win2 "Discord"
2024-07-25T15:13:48.678Z 7: ✅ webContents.did-finish-load web2
2024-07-25T15:13:48.778Z 8: window.close win1
2024-07-25T15:13:48.787Z 9: webContents.destroyed web1
2024-07-25T15:13:48.791Z 10: window.closed win1
2024-07-25T17:21:16.911Z 11: window.close win2
2024-07-25T17:21:55.669Z 12: ❌ child-process-gone { type: 'GPU', reason: 'killed', exitCode: 9, serviceName: 'GPU' }
2024-07-25T17:22:02.769Z 13: ❌ child-process-gone { type: 'GPU', reason: 'killed', exitCode: 9, serviceName: 'GPU' }
2024-07-25T17:22:11.120Z 14: ❌ child-process-gone {
  type: 'Utility',
  reason: 'killed',
  exitCode: 9,
  serviceName: 'network.mojom.NetworkService',
  name: 'Network Service'
}
2024-07-25T17:22:16.337Z 15: ❌ child-process-gone {
  type: 'Utility',
  reason: 'killed',
  exitCode: 9,
  serviceName: 'network.mojom.NetworkService',
  name: 'Network Service'
}
2024-07-26T16:43:02.507Z 0: 

----------------------------------------------
2024-07-26T16:43:02.538Z 1: Discord starting: {"releaseChannel":"stable","version":"0.0.60"}, modulepath: /home/paul/.config/discord/0.0.60/modules
2024-07-26T16:43:02.548Z 2: ✅ webContents.created web1 ""
2024-07-26T16:43:02.619Z 3: ✅ window.created win1 "discord"
2024-07-26T16:43:02.629Z 4: Wrote 285138 byte minidump to /home/paul/.config/discord/0.0.60/modules/crashlogs/2024_07_26T16_43_02_618Z-0-minidump.dmp
2024-07-26T16:43:02.637Z 5: Sentry report: {"contexts":{"trace":{"trace_id":"7142850227b9456ea50caa0c276cc164","span_id":"9241db1234835967"},"app":{"app_name":"discord","app_version":"0.0.60","app_start_time":"2024-07-25T15:13:31.708Z"},"os":{"kernel_version":"6.9.10-zen1-1-zen","name":"Arch Linux"},"browser":{"name":"Chrome"},"chrome":{"name":"Chrome","type":"runtime","version":"124.0.6367.243"},"device":{"arch":"x64","family":"Desktop","language":"en-US","screen_density":1,"screen_resolution":"1920x1080","memory_size":7729774592,"free_memory":1236287488,"processor_count":8,"cpu_description":"AMD Ryzen 5 3550H with Radeon Vega Mobile Gfx","processor_frequency":1397},"node":{"name":"Node","type":"runtime","version":"20.14.0"},"runtime":{"name":"Electron","version":"30.1.0"}},"environment":"stable","release":"0.0.60","user":{"ip_address":"{{auto}}","id":"718485246705926234","username":"steve005","email":"unknownerror100000@gmail.com"},"tags":{"event.origin":"electron","event.environment":"native","event.process":"browser","event_type":"native","nativeBuildNumber":"null"},"level":"fatal","platform":"native","breadcrumbs":[{"timestamp":1721924984.308,"category":"electron","message":"window.focus","type":"ui","data":{"id":2,"url":"https://discordapp.com/channels/1155226914542325810/1155226915502833828"}},{"timestamp":1721924984.308,"category":"electron","message":"app.browser-window-focus","type":"ui"},{"timestamp":1721925011.111,"category":"ui.click","message":"div.chatIcon_f420ee.controlIcon_ef18ee > svg > g > svg > path"},{"timestamp":1721925013.477,"category":"ui.input","message":"div.markup_f8f345.editor_a552a6.slateTextArea_e52116.fontSize16Padding_d0696b[aria-label=\"Message Gae time\"]"},{"timestamp":1721925105.515,"category":"electron","message":"window.blur","type":"ui","data":{"id":2,"url":"https://discordapp.com/channels/1155226914542325810/1155226915502833828"}},{"timestamp":1721925105.515,"category":"electron","message":"app.browser-window-blur","type":"ui"},{"timestamp":1721925105.517,"category":"electron","message":"window.focus","type":"ui","data":{"id":2,"url":"https://discordapp.com/channels/1155226914542325810/1155226915502833828"}},{"timestamp":1721925105.517,"category":"electron","message":"app.browser-window-focus","type":"ui"},{"timestamp":1721925137.372,"category":"console","data":{"arguments":["Subscribing to direct frames for streamId 5"],"logger":"console"},"level":"log","message":"Subscribing to direct frames for streamId 5"},{"timestamp":1721925408.292,"category":"console","data":{"arguments":["Unsubscribing from direct frames for streamId 5"],"logger":"console"},"level":"log","message":"Unsubscribing from direct frames for streamId 5"},{"timestamp":1721925433.258,"category":"console","data":{"arguments":["Subscribing to direct frames for streamId 6"],"logger":"console"},"level":"log","message":"Subscribing to direct frames for streamId 6"},{"timestamp":1721925696.301,"category":"console","data":{"arguments":["Unsubscribing from direct frames for streamId 3"],"logger":"console"},"level":"log","message":"Unsubscribing from direct frames for streamId 3"},{"timestamp":1721925696.305,"category":"console","data":{"arguments":["Unsubscribing from direct frames for streamId 6"],"logger":"console"},"level":"log","message":"Unsubscribing from direct frames for streamId 6"},{"timestamp":1721925696.364,"category":"console","data":{"arguments":["Subscribing to direct frames for streamId 3"],"logger":"console"},"level":"log","message":"Subscribing to direct frames for streamId 3"},{"timestamp":1721925696.694,"category":"ui.click","message":"svg > foreignobject > div.wrapper_f90abb.selected_f90abb[aria-label=\"Tazz\"]"},{"timestamp":1721925701.707,"category":"ui.click","message":"svg > foreignobject > div.wrapper_f90abb.selected_f90abb[aria-label=\"starkOP\"]"},{"timestamp":1721925710.852,"category":"console","data":{"arguments":["Unsubscribing from direct frames for streamId 3"],"logger":"console"},"level":"log","message":"Unsubscribing from direct frames for streamId 3"},{"timestamp":1721925711.593,"category":"console","data":{"arguments":["Subscribing to direct frames for streamId 3"],"logger":"console"},"level":"log","message":"Subscribing to direct frames for streamId 3"},{"timestamp":1721925711.714,"category":"ui.click","message":"foreignobject > div.wrapper_f90abb.selected_f90abb[aria-label=\"  Iitians\"]"},{"timestamp":1721925716.495,"category":"ui.click","message":"div.iconWrapper_fc4f04.clickable_fc4f04[aria-label=\"Close\"] > svg > path"},{"timestamp":1721926811.893,"category":"electron","message":"window.blur","type":"ui","data":{"id":2,"url":"https://discordapp.com/channels/1155226914542325810/1155226915502833828"}},{"timestamp":1721926811.893,"category":"electron","message":"app.browser-window-blur","type":"ui"},{"timestamp":1721926811.894,"category":"electron","message":"window.focus","type":"ui","data":{"id":2,"url":"https://discordapp.com/channels/1155226914542325810/1155226915502833828"}},{"timestamp":1721926811.894,"category":"electron","message":"app.browser-window-focus","type":"ui"},{"timestamp":1721926992.659,"category":"electron","message":"window.blur","type":"ui","data":{"id":2,"url":"https://discordapp.com/channels/1155226914542325810/1155226915502833828"}},{"timestamp":1721926992.66,"category":"electron","message":"app.browser-window-blur","type":"ui"},{"timestamp":1721927017.437,"category":"electron","message":"window.focus","type":"ui","data":{"id":2,"url":"https://discordapp.com/channels/1155226914542325810/1155226915502833828"}},{"timestamp":1721927017.437,"category":"electron","message":"app.browser-window-focus","type":"ui"},{"timestamp":1721927017.454,"category":"electron","message":"window.blur","type":"ui","data":{"id":2,"url":"https://discordapp.com/channels/1155226914542325810/1155226915502833828"}},{"timestamp":1721927017.454,"category":"electron","message":"app.browser-window-blur","type":"ui"},{"timestamp":1721927017.455,"category":"electron","message":"window.focus","type":"ui","data":{"id":2,"url":"https://discordapp.com/channels/1155226914542325810/1155226915502833828"}},{"timestamp":1721927017.455,"category":"electron","message":"app.browser-window-focus","type":"ui"},{"timestamp":1721927017.702,"category":"electron","message":"window.blur","type":"ui","data":{"id":2,"url":"https://discordapp.com/channels/1155226914542325810/1155226915502833828"}},{"timestamp":1721927017.702,"category":"electron","message":"app.browser-window-blur","type":"ui"},{"timestamp":1721927017.702,"category":"electron","message":"window.focus","type":"ui","data":{"id":2,"url":"https://discordapp.com/channels/1155226914542325810/1155226915502833828"}},{"timestamp":1721927017.702,"category":"electron","message":"app.browser-window-focus","type":"ui"},{"timestamp":1721927021.088,"category":"electron","message":"window.show","type":"ui","data":{"id":2,"url":"https://discordapp.com/channels/1155226914542325810/1155226915502833828"}},{"timestamp":1721927021.104,"category":"ui.click","message":"div.lottieIcon_f73ef7.controlIcon_ef18ee.centerIcon_ef18ee > svg"},{"timestamp":1721927023.608,"category":"ui.click","message":"div.tabItem_a18ec1.segmentControlOption_d7ec26.tabItemSelected_a18ec1"},{"timestamp":1721927024.728,"category":"ui.click","message":"div.sourceThumbnail_d7ec26.selected_d7ec26"},{"timestamp":1721927026.265,"category":"ui.click","message":"div.contents_dd4f85"},{"timestamp":1721927028.56,"category":"console","data":{"arguments":["Subscribing to direct frames for streamId 10"],"logger":"console"},"level":"log","message":"Subscribing to direct frames for streamId 10"},{"timestamp":1721927029.018,"category":"console","data":{"arguments":["Subscribing to frames for streamId 10"],"logger":"console"},"level":"log","message":"Subscribing to frames for streamId 10"},{"timestamp":1721927029.04,"category":"console","data":{"arguments":["Unsubscribing from frames for streamId 10"],"logger":"console"},"level":"log","message":"Unsubscribing from frames for streamId 10"},{"timestamp":1721927341.868,"category":"console","data":{"arguments":["Subscribing to frames for streamId 10"],"logger":"console"},"level":"log","message":"Subscribing to frames for streamId 10"},{"timestamp":1721927341.908,"category":"console","data":{"arguments":["Unsubscribing from frames for streamId 10"],"logger":"console"},"level":"log","message":"Unsubscribing from frames for streamId 10"},{"timestamp":1721927646.916,"category":"console","data":{"arguments":["Unsubscribing from direct frames for streamId 3"],"logger":"console"},"level":"log","message":"Unsubscribing from direct frames for streamId 3"},{"timestamp":1721927649.341,"category":"console","level":"log","message":"mainScreen.UpdaterEvents: CHECK_FOR_UPDATES UPDATE_NOT_AVAILABLE"},{"timestamp":1721927649.341,"category":"console","level":"log","message":"2024-07-25T17:14:09.341Z [Modules] Host is up to date."},{"timestamp":1721927649.342,"category":"console","level":"log","message":"2024-07-25T17:14:09.342Z [Modules] Checking for module updates at https://discord.com/api/modules/stable/versions.json"},{"timestamp":1721927649.487,"type":"http","category":"electron.net","data":{"url":"https://discord.com/api/modules/stable/versions.json?host_version=0.0.60&platform=linux&_=5739758","method":"GET","status_code":200}},{"timestamp":1721927649.489,"category":"console","level":"log","message":"2024-07-25T17:14:09.489Z [Modules] No module updates available."},{"timestamp":1721927649.49,"category":"console","level":"log","message":"legacyModuleUpdater: update-check-finished"},{"timestamp":1721927651.414,"category":"electron","message":"window.blur","type":"ui","data":{"id":2,"url":"https://discordapp.com/channels/1155226914542325810/1155226915502833828"}},{"timestamp":1721927651.414,"category":"electron","message":"app.browser-window-blur","type":"ui"},{"timestamp":1721927651.415,"category":"electron","message":"window.focus","type":"ui","data":{"id":2,"url":"https://discordapp.com/channels/1155226914542325810/1155226915502833828"}},{"timestamp":1721927651.415,"category":"electron","message":"app.browser-window-focus","type":"ui"},{"timestamp":1721927651.55,"category":"console","data":{"arguments":["Unsubscribing from direct frames for streamId 10"],"logger":"console"},"level":"log","message":"Unsubscribing from direct frames for streamId 10"},{"timestamp":1721927651.618,"category":"console","data":{"arguments":["Subscribing to direct frames for streamId 10"],"logger":"console"},"level":"log","message":"Subscribing to direct frames for streamId 10"},{"timestamp":1721927651.763,"category":"console","data":{"arguments":["Unsubscribing from direct frames for streamId 10"],"logger":"console"},"level":"log","message":"Unsubscribing from direct frames for streamId 10"},{"timestamp":1721927651.919,"category":"console","data":{"arguments":["Subscribing to direct frames for streamId 10"],"logger":"console"},"level":"log","message":"Subscribing to direct frames for streamId 10"},{"timestamp":1721927652.454,"category":"electron","message":"window.blur","type":"ui","data":{"id":2,"url":"https://discordapp.com/channels/1155226914542325810/1155226915502833828"}},{"timestamp":1721927652.454,"category":"electron","message":"app.browser-window-blur","type":"ui"},{"timestamp":1721927652.456,"category":"electron","message":"window.focus","type":"ui","data":{"id":2,"url":"https://discordapp.com/channels/1155226914542325810/1155226915502833828"}},{"timestamp":1721927652.456,"category":"electron","message":"app.browser-window-focus","type":"ui"},{"timestamp":1721927652.57,"category":"console","data":{"arguments":["Unsubscribing from direct frames for streamId 10"],"logger":"console"},"level":"log","message":"Unsubscribing from direct frames for streamId 10"},{"timestamp":1721927652.632,"category":"console","data":{"arguments":["Subscribing to direct frames for streamId 10"],"logger":"console"},"level":"log","message":"Subscribing to direct frames for streamId 10"},{"timestamp":1721927652.733,"category":"console","data":{"arguments":["Unsubscribing from direct frames for streamId 10"],"logger":"console"},"level":"log","message":"Unsubscribing from direct frames for streamId 10"},{"timestamp":1721927652.897,"category":"console","data":{"arguments":["Subscribing to direct frames for streamId 10"],"logger":"console"},"level":"log","message":"Subscribing to direct frames for streamId 10"},{"timestamp":1721927654.987,"category":"console","data":{"arguments":["Subscribing to frames for streamId 10"],"logger":"console"},"level":"log","message":"Subscribing to frames for streamId 10"},{"timestamp":1721927655.022,"category":"console","data":{"arguments":["Unsubscribing from frames for streamId 10"],"logger":"console"},"level":"log","message":"Unsubscribing from frames for streamId 10"},{"timestamp":1721927657.172,"category":"console","data":{"arguments":["Unsubscribing from direct frames for streamId 10"],"logger":"console"},"level":"log","message":"Unsubscribing from direct frames for streamId 10"},{"timestamp":1721927657.184,"category":"ui.click","message":"svg"},{"timestamp":1721928074.34,"category":"electron","message":"window.blur","type":"ui","data":{"id":2,"url":"https://discordapp.com/channels/1155226914542325810/1155226915502833828"}},{"timestamp":1721928074.34,"category":"electron","message":"app.browser-window-blur","type":"ui"},{"timestamp":1721928074.34,"category":"electron","message":"window.focus","type":"ui","data":{"id":2,"url":"https://discordapp.com/channels/1155226914542325810/1155226915502833828"}},{"timestamp":1721928074.34,"category":"electron","message":"app.browser-window-focus","type":"ui"},{"timestamp":1721928076.909,"category":"electron","message":"window.close","type":"ui","data":{"id":2,"url":"https://discordapp.com/channels/1155226914542325810/1155226915502833828"}},{"timestamp":1721928076.911,"category":"electron","message":"window.hide","type":"ui","data":{"id":2,"url":"https://discordapp.com/channels/1155226914542325810/1155226915502833828"}},{"timestamp":1721928076.911,"category":"console","level":"log","message":"blackbox: 2024-07-25T17:21:16.911Z 11 window.close win2"},{"timestamp":1721928076.912,"category":"electron","message":"window.blur","type":"ui","data":{"id":2,"url":"https://discordapp.com/channels/1155226914542325810/1155226915502833828"}},{"timestamp":1721928076.912,"category":"electron","message":"app.browser-window-blur","type":"ui"},{"timestamp":1721928115.667,"category":"electron","message":"app.child-process-gone","type":"ui"},{"timestamp":1721928115.668,"type":"process","category":"child-process","message":"'GPU' process exited with 'killed'","level":"warning","data":{"type":"GPU","reason":"killed","exitCode":9,"serviceName":"GPU"}},{"timestamp":1721928115.668,"category":"console","level":"error","message":"child-process-gone! child: GPU (undefined) exitCode: 9"},{"timestamp":1721928115.669,"category":"console","level":"log","message":"blackbox: 2024-07-25T17:21:55.669Z 12 ❌ child-process-gone { type: 'GPU', reason: 'killed', exitCode: 9, serviceName: 'GPU' }"},{"timestamp":1721928116.27,"category":"electron","message":"app.gpu-info-update","type":"ui"},{"timestamp":1721928122.768,"category":"electron","message":"app.child-process-gone","type":"ui"},{"timestamp":1721928122.769,"type":"process","category":"child-process","message":"'GPU' process exited with 'killed'","level":"warning","data":{"type":"GPU","reason":"killed","exitCode":9,"serviceName":"GPU"}},{"timestamp":1721928122.769,"category":"console","level":"error","message":"child-process-gone! child: GPU (undefined) exitCode: 9"},{"timestamp":1721928122.769,"category":"console","level":"log","message":"blackbox: 2024-07-25T17:22:02.769Z 13 ❌ child-process-gone { type: 'GPU', reason: 'killed', exitCode: 9, serviceName: 'GPU' }"},{"timestamp":1721928123.262,"category":"electron","message":"app.gpu-info-update","type":"ui"},{"timestamp":1721928131.119,"category":"electron","message":"app.child-process-gone","type":"ui"},{"timestamp":1721928131.12,"type":"process","category":"child-process","message":"'Utility' process exited with 'killed'","level":"warning","data":{"type":"Utility","reason":"killed","exitCode":9,"serviceName":"network.mojom.NetworkService","name":"Network Service"}},{"timestamp":1721928131.12,"category":"console","level":"error","message":"child-process-gone! child: Utility (Network Service) exitCode: 9"},{"timestamp":1721928131.12,"category":"console","level":"log","message":"blackbox: 2024-07-25T17:22:11.120Z 14 ❌ child-process-gone {\n  type: 'Utility',\n  reason: 'killed',\n  exitCode: 9,\n  serviceName: 'network.mojom.NetworkService',\n  name: 'Network Service'\n}"},{"timestamp":1721928136.336,"category":"electron","message":"app.child-process-gone","type":"ui"},{"timestamp":1721928136.337,"type":"process","category":"child-process","message":"'Utility' process exited with 'killed'","level":"warning","data":{"type":"Utility","reason":"killed","exitCode":9,"serviceName":"network.mojom.NetworkService","name":"Network Service"}},{"timestamp":1721928136.337,"category":"console","level":"error","message":"child-process-gone! child: Utility (Network Service) exitCode: 9"},{"timestamp":1721928136.337,"category":"console","level":"log","message":"blackbox: 2024-07-25T17:22:16.337Z 15 ❌ child-process-gone {\n  type: 'Utility',\n  reason: 'killed',\n  exitCode: 9,\n  serviceName: 'network.mojom.NetworkService',\n  name: 'Network Service'\n}"},{"timestamp":1722012181.949,"category":"console","level":"log","message":"Discord 0.0.60"},{"timestamp":1722012182.203,"category":"electron","message":"app.will-finish-launching","type":"ui"},{"timestamp":1722012182.218,"category":"electron","message":"app.ready","type":"ui"},{"timestamp":1722012182.239,"category":"electron","message":"app.session-created","type":"ui"},{"timestamp":1722012182.245,"category":"console","level":"log","message":"Starting app."},{"timestamp":1722012182.26,"category":"console","level":"log","message":"Starting updater."},{"timestamp":1722012182.266,"category":"console","level":"log","message":"2024-07-26T16:43:02.266Z [Modules] Modules initializing"},{"timestamp":1722012182.266,"category":"console","level":"log","message":"2024-07-26T16:43:02.266Z [Modules] Distribution: remote"},{"timestamp":1722012182.267,"category":"console","level":"log","message":"2024-07-26T16:43:02.267Z [Modules] Host updates: disabled"},{"timestamp":1722012182.275,"category":"console","level":"log","message":"2024-07-26T16:43:02.275Z [Modules] Module updates: enabled"},{"timestamp":1722012182.277,"category":"console","level":"log","message":"2024-07-26T16:43:02.276Z [Modules] Module install path: /home/paul/.config/discord/0.0.60/modules"},{"timestamp":1722012182.277,"category":"console","level":"log","message":"2024-07-26T16:43:02.277Z [Modules] Module installed file path: /home/paul/.config/discord/0.0.60/modules/installed.json"},{"timestamp":1722012182.278,"category":"console","level":"log","message":"2024-07-26T16:43:02.278Z [Modules] Module download path: /home/paul/.config/discord/0.0.60/modules/pending"},{"timestamp":1722012182.285,"category":"console","level":"log","message":"splashScreen.initSplash(false)"},{"timestamp":1722012182.287,"category":"console","level":"log","message":"CDM component API found"},{"timestamp":1722012182.388,"category":"electron","message":"app.web-contents-created","type":"ui"},{"timestamp":1722012182.391,"category":"electron","message":"app.browser-window-created","type":"ui"},{"timestamp":1722012182.507,"category":"console","level":"log","message":"blackbox: 2024-07-26T16:43:02.507Z 0 \n\n----------------------------------------------"},{"timestamp":1722012182.512,"category":"console","level":"log","message":"CDM completed with err: cdm-ready-timeout-200"},{"timestamp":1722012182.538,"category":"console","level":"log","message":"blackbox: 2024-07-26T16:43:02.538Z 1 Discord starting: {\"releaseChannel\":\"stable\",\"version\":\"0.0.60\"}, modulepath: /home/paul/.config/discord/0.0.60/modules"},{"timestamp":1722012182.549,"category":"console","level":"log","message":"blackbox: 2024-07-26T16:43:02.548Z 2 ✅ webContents.created web1 \"\""}],"event_id":"9d7234d4dc9747cd93da0f0e44961e9f","timestamp":1722012182.553,"sdk":{"integrations":["SentryMinidump","ElectronBreadcrumbs","Net","MainContext","ChildProcess","OnUncaughtException","PreloadInjection","AdditionalContext","Screenshots","RendererProfiling","InboundFilters","FunctionToString","LinkedErrors","RequestData","Console","Http","Undici","OnUnhandledRejection","ContextLines","LocalVariables","Modules"],"name":"sentry.javascript.electron","version":"4.24.0","packages":[{"name":"npm:@sentry/electron","version":"4.24.0"}]},"modules":{"mkdirp":"0.5.5","rimraf":"2.7.1","glob":"7.1.7","fs.realpath":"1.0.0","minimatch":"3.1.2","brace-expansion":"1.1.11","concat-map":"0.0.1","balanced-match":"1.0.2","inherits":"2.0.4","path-is-absolute":"1.0.1","inflight":"1.0.6","wrappy":"1.0.2","once":"1.4.0","yauzl":"2.10.0","fd-slicer":"1.1.0","pend":"1.2.0","buffer-crc32":"0.2.13","request":"2.88.0","extend":"3.0.2","tough-cookie":"2.4.3","psl":"1.8.0","json-stringify-safe":"5.0.1","safe-buffer":"5.2.1","aws-sign2":"0.7.0","aws4":"1.11.0","http-signature":"1.2.0","assert-plus":"1.0.0","sshpk":"1.16.1","safer-buffer":"2.1.2","asn1":"0.2.4","ecc-jsbn":"0.1.2","jsbn":"0.1.1","tweetnacl":"0.14.5","jsprim":"1.4.1","extsprintf":"1.3.0","verror":"1.10.0","core-util-is":"1.0.2","json-schema":"0.2.3","mime-types":"2.1.32","mime-db":"1.49.0","caseless":"0.12.0","forever-agent":"0.6.1","form-data":"2.3.3","combined-stream":"1.0.8","delayed-stream":"1.0.0","asynckit":"0.4.0","isstream":"0.1.2","is-typedarray":"1.0.0","qs":"6.5.3","har-validator":"5.1.5","ajv":"6.12.6","uri-js":"4.4.1","fast-deep-equal":"3.1.3","json-schema-traverse":"0.4.1","fast-json-stable-stringify":"2.1.0","har-schema":"2.0.0","uuid":"3.4.0","oauth-sign":"0.9.0","tunnel-agent":"0.6.0","performance-now":"2.1.0","arch":"2.2.0","tslib":"2.5.0","localforage":"1.10.0","deepmerge":"4.3.0"},"extra":{"release_channel":"stable","sentry":{"environment":"stable","release":"0.0.60"},"wm":"unknown,unknown"}}
2024-07-26T16:43:03.211Z 6: ✅ webContents.did-finish-load web1
2024-07-26T16:43:06.272Z 7: window.close win1
2024-07-26T16:43:06.295Z 8: webContents.destroyed web1
2024-07-26T20:12:48.991Z 0: 

----------------------------------------------
2024-07-26T20:12:49.004Z 1: Discord starting: {"releaseChannel":"stable","version":"0.0.60"}, modulepath: /home/paul/.config/discord/0.0.60/modules
2024-07-26T20:12:49.008Z 2: ✅ webContents.created web1 ""
2024-07-26T20:12:49.010Z 3: ✅ window.created win1 "discord"
2024-07-26T20:12:49.259Z 4: ✅ webContents.did-finish-load web1
2024-07-26T20:12:53.035Z 5: window.close win1
2024-07-26T20:12:53.051Z 6: webContents.destroyed web1
2024-07-27T14:28:13.090Z 0: 

----------------------------------------------
2024-07-27T14:28:13.104Z 1: Discord starting: {"releaseChannel":"stable","version":"0.0.60"}, modulepath: /home/paul/.config/discord/0.0.60/modules
2024-07-27T14:28:13.110Z 2: ✅ webContents.created web1 ""
2024-07-27T14:28:13.113Z 3: ✅ window.created win1 "discord"
2024-07-27T14:28:13.561Z 4: ✅ webContents.did-finish-load web1
2024-07-27T14:28:19.092Z 5: ✅ webContents.created web2 ""
2024-07-27T14:28:19.107Z 6: ✅ window.created win2 "Discord"
2024-07-27T14:28:21.795Z 7: ✅ webContents.did-finish-load web2
2024-07-27T14:28:21.895Z 8: window.close win1
2024-07-27T14:28:21.907Z 9: webContents.destroyed web1
2024-07-27T14:28:21.911Z 10: window.closed win1
2024-07-27T14:29:20.038Z 11: window.close win2
2024-07-27T14:29:38.725Z 0: 

----------------------------------------------
2024-07-27T14:29:38.738Z 1: Discord starting: {"releaseChannel":"stable","version":"0.0.60"}, modulepath: /home/paul/.config/discord/0.0.60/modules
2024-07-27T14:29:38.743Z 2: ✅ webContents.created web1 ""
2024-07-27T14:29:38.745Z 3: ✅ window.created win1 "discord"
2024-07-27T14:29:39.010Z 4: ✅ webContents.created web2 ""
2024-07-27T14:29:39.024Z 5: ✅ window.created win2 "Discord"
2024-07-27T14:29:39.042Z 6: ✅ webContents.did-finish-load web1
2024-07-27T14:29:47.466Z 7: ✅ webContents.did-finish-load web2
2024-07-27T14:29:47.563Z 8: window.close win1
2024-07-27T14:29:47.573Z 9: webContents.destroyed web1
2024-07-27T14:29:47.575Z 10: window.closed win1
