2024-07-22T17:50:09.278Z [Modules] Modules initializing
2024-07-22T17:50:09.279Z [Modules] Distribution: remote
2024-07-22T17:50:09.279Z [Modules] Host updates: enabled
2024-07-22T17:50:09.279Z [Modules] Module updates: enabled
2024-07-22T17:50:09.280Z [Modules] Module install path: /home/paul/.config/discord/0.0.60/modules
2024-07-22T17:50:09.280Z [Modules] Module installed file path: /home/paul/.config/discord/0.0.60/modules/installed.json
2024-07-22T17:50:09.280Z [Modules] Module download path: /home/paul/.config/discord/0.0.60/modules/pending
2024-07-22T17:50:09.777Z [Modules] Bootstrapping...
2024-07-22T17:50:09.779Z [Modules] Installing discord_desktop_core@0 from /opt/discord/resources/bootstrap/discord_desktop_core.zip
2024-07-22T17:50:09.787Z [Modules] Failed installing discord_desktop_core@0: Error: ENOENT: no such file or directory, open '/opt/discord/resources/bootstrap/discord_desktop_core.zip'
2024-07-22T17:50:09.788Z [Modules] Installing discord_erlpack@0 from /opt/discord/resources/bootstrap/discord_erlpack.zip
2024-07-22T17:50:09.791Z [Modules] Failed installing discord_erlpack@0: Error: ENOENT: no such file or directory, open '/opt/discord/resources/bootstrap/discord_erlpack.zip'
2024-07-22T17:50:09.792Z [Modules] Installing discord_spellcheck@0 from /opt/discord/resources/bootstrap/discord_spellcheck.zip
2024-07-22T17:50:09.795Z [Modules] Failed installing discord_spellcheck@0: Error: ENOENT: no such file or directory, open '/opt/discord/resources/bootstrap/discord_spellcheck.zip'
2024-07-22T17:50:09.796Z [Modules] Installing discord_utils@0 from /opt/discord/resources/bootstrap/discord_utils.zip
2024-07-22T17:50:09.799Z [Modules] Failed installing discord_utils@0: Error: ENOENT: no such file or directory, open '/opt/discord/resources/bootstrap/discord_utils.zip'
2024-07-22T17:50:09.800Z [Modules] Installing discord_voice@0 from /opt/discord/resources/bootstrap/discord_voice.zip
2024-07-22T17:50:09.803Z [Modules] Failed installing discord_voice@0: Error: ENOENT: no such file or directory, open '/opt/discord/resources/bootstrap/discord_voice.zip'
2024-07-22T17:50:09.804Z [Modules] Installing discord_zstd@0 from /opt/discord/resources/bootstrap/discord_zstd.zip
2024-07-22T17:50:09.806Z [Modules] Failed installing discord_zstd@0: Error: ENOENT: no such file or directory, open '/opt/discord/resources/bootstrap/discord_zstd.zip'
2024-07-22T17:50:09.806Z [Modules] Finished module installations. [success: 0] [failure: 6]
2024-07-22T17:50:09.807Z [Modules] Checking for host updates.
2024-07-22T17:50:15.595Z [Modules] Host is up to date.
2024-07-22T17:50:15.596Z [Modules] Checking for module updates at https://discord.com/api/modules/stable/versions.json
2024-07-22T17:50:16.117Z [Modules] Module update available: discord_desktop_core@1 [installed: 0]
2024-07-22T17:50:16.118Z [Modules] Module update available: discord_erlpack@1 [installed: 0]
2024-07-22T17:50:16.118Z [Modules] Module update available: discord_spellcheck@1 [installed: 0]
2024-07-22T17:50:16.118Z [Modules] Module update available: discord_utils@1 [installed: 0]
2024-07-22T17:50:16.118Z [Modules] Module update available: discord_voice@1 [installed: 0]
2024-07-22T17:50:16.119Z [Modules] Module update available: discord_zstd@1 [installed: 0]
2024-07-22T17:50:16.120Z [Modules] Fetching discord_desktop_core@1 from https://discord.com/api/modules/stable/discord_desktop_core/1
2024-07-22T17:50:16.120Z [Modules] Streaming discord_desktop_core@1 to /home/paul/.config/discord/0.0.60/modules/pending/discord_desktop_core-1.zip
2024-07-22T17:50:17.404Z [Modules] Streaming discord_desktop_core@1 to /home/paul/.config/discord/0.0.60/modules/pending/discord_desktop_core-1.zip: 1%
2024-07-22T17:50:17.630Z [Modules] Streaming discord_desktop_core@1 to /home/paul/.config/discord/0.0.60/modules/pending/discord_desktop_core-1.zip: 3%
2024-07-22T17:50:17.693Z [Modules] Streaming discord_desktop_core@1 to /home/paul/.config/discord/0.0.60/modules/pending/discord_desktop_core-1.zip: 4%
2024-07-22T17:50:17.757Z [Modules] Streaming discord_desktop_core@1 to /home/paul/.config/discord/0.0.60/modules/pending/discord_desktop_core-1.zip: 5%
2024-07-22T17:50:17.810Z [Modules] Streaming discord_desktop_core@1 to /home/paul/.config/discord/0.0.60/modules/pending/discord_desktop_core-1.zip: 6%
2024-07-22T17:50:17.861Z [Modules] Streaming discord_desktop_core@1 to /home/paul/.config/discord/0.0.60/modules/pending/discord_desktop_core-1.zip: 7%
2024-07-22T17:50:17.894Z [Modules] Streaming discord_desktop_core@1 to /home/paul/.config/discord/0.0.60/modules/pending/discord_desktop_core-1.zip: 8%
2024-07-22T17:50:17.925Z [Modules] Streaming discord_desktop_core@1 to /home/paul/.config/discord/0.0.60/modules/pending/discord_desktop_core-1.zip: 9%
2024-07-22T17:50:18.120Z [Modules] Streaming discord_desktop_core@1 to /home/paul/.config/discord/0.0.60/modules/pending/discord_desktop_core-1.zip: 12%
2024-07-22T17:50:18.123Z [Modules] Streaming discord_desktop_core@1 to /home/paul/.config/discord/0.0.60/modules/pending/discord_desktop_core-1.zip: 18%
2024-07-22T17:50:18.140Z [Modules] Streaming discord_desktop_core@1 to /home/paul/.config/discord/0.0.60/modules/pending/discord_desktop_core-1.zip: 19%
2024-07-22T17:50:18.153Z [Modules] Streaming discord_desktop_core@1 to /home/paul/.config/discord/0.0.60/modules/pending/discord_desktop_core-1.zip: 20%
2024-07-22T17:50:18.186Z [Modules] Streaming discord_desktop_core@1 to /home/paul/.config/discord/0.0.60/modules/pending/discord_desktop_core-1.zip: 21%
2024-07-22T17:50:18.196Z [Modules] Streaming discord_desktop_core@1 to /home/paul/.config/discord/0.0.60/modules/pending/discord_desktop_core-1.zip: 22%
2024-07-22T17:50:18.222Z [Modules] Streaming discord_desktop_core@1 to /home/paul/.config/discord/0.0.60/modules/pending/discord_desktop_core-1.zip: 23%
2024-07-22T17:50:18.242Z [Modules] Streaming discord_desktop_core@1 to /home/paul/.config/discord/0.0.60/modules/pending/discord_desktop_core-1.zip: 24%
2024-07-22T17:50:18.251Z [Modules] Streaming discord_desktop_core@1 to /home/paul/.config/discord/0.0.60/modules/pending/discord_desktop_core-1.zip: 25%
2024-07-22T17:50:18.267Z [Modules] Streaming discord_desktop_core@1 to /home/paul/.config/discord/0.0.60/modules/pending/discord_desktop_core-1.zip: 26%
2024-07-22T17:50:18.281Z [Modules] Streaming discord_desktop_core@1 to /home/paul/.config/discord/0.0.60/modules/pending/discord_desktop_core-1.zip: 27%
2024-07-22T17:50:18.297Z [Modules] Streaming discord_desktop_core@1 to /home/paul/.config/discord/0.0.60/modules/pending/discord_desktop_core-1.zip: 28%
2024-07-22T17:50:18.303Z [Modules] Streaming discord_desktop_core@1 to /home/paul/.config/discord/0.0.60/modules/pending/discord_desktop_core-1.zip: 29%
2024-07-22T17:50:18.313Z [Modules] Streaming discord_desktop_core@1 to /home/paul/.config/discord/0.0.60/modules/pending/discord_desktop_core-1.zip: 30%
2024-07-22T17:50:18.323Z [Modules] Streaming discord_desktop_core@1 to /home/paul/.config/discord/0.0.60/modules/pending/discord_desktop_core-1.zip: 31%
2024-07-22T17:50:18.343Z [Modules] Streaming discord_desktop_core@1 to /home/paul/.config/discord/0.0.60/modules/pending/discord_desktop_core-1.zip: 32%
2024-07-22T17:50:18.349Z [Modules] Streaming discord_desktop_core@1 to /home/paul/.config/discord/0.0.60/modules/pending/discord_desktop_core-1.zip: 33%
2024-07-22T17:50:18.359Z [Modules] Streaming discord_desktop_core@1 to /home/paul/.config/discord/0.0.60/modules/pending/discord_desktop_core-1.zip: 34%
2024-07-22T17:50:18.366Z [Modules] Streaming discord_desktop_core@1 to /home/paul/.config/discord/0.0.60/modules/pending/discord_desktop_core-1.zip: 35%
2024-07-22T17:50:18.379Z [Modules] Streaming discord_desktop_core@1 to /home/paul/.config/discord/0.0.60/modules/pending/discord_desktop_core-1.zip: 36%
2024-07-22T17:50:18.385Z [Modules] Streaming discord_desktop_core@1 to /home/paul/.config/discord/0.0.60/modules/pending/discord_desktop_core-1.zip: 37%
2024-07-22T17:50:18.392Z [Modules] Streaming discord_desktop_core@1 to /home/paul/.config/discord/0.0.60/modules/pending/discord_desktop_core-1.zip: 38%
2024-07-22T17:50:18.405Z [Modules] Streaming discord_desktop_core@1 to /home/paul/.config/discord/0.0.60/modules/pending/discord_desktop_core-1.zip: 39%
2024-07-22T17:50:18.412Z [Modules] Streaming discord_desktop_core@1 to /home/paul/.config/discord/0.0.60/modules/pending/discord_desktop_core-1.zip: 40%
2024-07-22T17:50:18.417Z [Modules] Streaming discord_desktop_core@1 to /home/paul/.config/discord/0.0.60/modules/pending/discord_desktop_core-1.zip: 41%
2024-07-22T17:50:18.424Z [Modules] Streaming discord_desktop_core@1 to /home/paul/.config/discord/0.0.60/modules/pending/discord_desktop_core-1.zip: 42%
2024-07-22T17:50:18.431Z [Modules] Streaming discord_desktop_core@1 to /home/paul/.config/discord/0.0.60/modules/pending/discord_desktop_core-1.zip: 43%
2024-07-22T17:50:18.437Z [Modules] Streaming discord_desktop_core@1 to /home/paul/.config/discord/0.0.60/modules/pending/discord_desktop_core-1.zip: 44%
2024-07-22T17:50:18.444Z [Modules] Streaming discord_desktop_core@1 to /home/paul/.config/discord/0.0.60/modules/pending/discord_desktop_core-1.zip: 45%
2024-07-22T17:50:18.450Z [Modules] Streaming discord_desktop_core@1 to /home/paul/.config/discord/0.0.60/modules/pending/discord_desktop_core-1.zip: 46%
2024-07-22T17:50:18.460Z [Modules] Streaming discord_desktop_core@1 to /home/paul/.config/discord/0.0.60/modules/pending/discord_desktop_core-1.zip: 47%
2024-07-22T17:50:18.467Z [Modules] Streaming discord_desktop_core@1 to /home/paul/.config/discord/0.0.60/modules/pending/discord_desktop_core-1.zip: 48%
2024-07-22T17:50:18.469Z [Modules] Streaming discord_desktop_core@1 to /home/paul/.config/discord/0.0.60/modules/pending/discord_desktop_core-1.zip: 49%
2024-07-22T17:50:18.477Z [Modules] Streaming discord_desktop_core@1 to /home/paul/.config/discord/0.0.60/modules/pending/discord_desktop_core-1.zip: 50%
2024-07-22T17:50:18.483Z [Modules] Streaming discord_desktop_core@1 to /home/paul/.config/discord/0.0.60/modules/pending/discord_desktop_core-1.zip: 51%
2024-07-22T17:50:18.489Z [Modules] Streaming discord_desktop_core@1 to /home/paul/.config/discord/0.0.60/modules/pending/discord_desktop_core-1.zip: 53%
2024-07-22T17:50:18.496Z [Modules] Streaming discord_desktop_core@1 to /home/paul/.config/discord/0.0.60/modules/pending/discord_desktop_core-1.zip: 54%
2024-07-22T17:50:18.502Z [Modules] Streaming discord_desktop_core@1 to /home/paul/.config/discord/0.0.60/modules/pending/discord_desktop_core-1.zip: 55%
2024-07-22T17:50:18.513Z [Modules] Streaming discord_desktop_core@1 to /home/paul/.config/discord/0.0.60/modules/pending/discord_desktop_core-1.zip: 56%
2024-07-22T17:50:18.516Z [Modules] Streaming discord_desktop_core@1 to /home/paul/.config/discord/0.0.60/modules/pending/discord_desktop_core-1.zip: 57%
2024-07-22T17:50:18.522Z [Modules] Streaming discord_desktop_core@1 to /home/paul/.config/discord/0.0.60/modules/pending/discord_desktop_core-1.zip: 58%
2024-07-22T17:50:18.526Z [Modules] Streaming discord_desktop_core@1 to /home/paul/.config/discord/0.0.60/modules/pending/discord_desktop_core-1.zip: 59%
2024-07-22T17:50:18.532Z [Modules] Streaming discord_desktop_core@1 to /home/paul/.config/discord/0.0.60/modules/pending/discord_desktop_core-1.zip: 60%
2024-07-22T17:50:18.535Z [Modules] Streaming discord_desktop_core@1 to /home/paul/.config/discord/0.0.60/modules/pending/discord_desktop_core-1.zip: 61%
2024-07-22T17:50:18.538Z [Modules] Streaming discord_desktop_core@1 to /home/paul/.config/discord/0.0.60/modules/pending/discord_desktop_core-1.zip: 62%
2024-07-22T17:50:18.545Z [Modules] Streaming discord_desktop_core@1 to /home/paul/.config/discord/0.0.60/modules/pending/discord_desktop_core-1.zip: 63%
2024-07-22T17:50:18.549Z [Modules] Streaming discord_desktop_core@1 to /home/paul/.config/discord/0.0.60/modules/pending/discord_desktop_core-1.zip: 64%
2024-07-22T17:50:18.552Z [Modules] Streaming discord_desktop_core@1 to /home/paul/.config/discord/0.0.60/modules/pending/discord_desktop_core-1.zip: 65%
2024-07-22T17:50:18.555Z [Modules] Streaming discord_desktop_core@1 to /home/paul/.config/discord/0.0.60/modules/pending/discord_desktop_core-1.zip: 66%
2024-07-22T17:50:18.562Z [Modules] Streaming discord_desktop_core@1 to /home/paul/.config/discord/0.0.60/modules/pending/discord_desktop_core-1.zip: 67%
2024-07-22T17:50:18.565Z [Modules] Streaming discord_desktop_core@1 to /home/paul/.config/discord/0.0.60/modules/pending/discord_desktop_core-1.zip: 68%
2024-07-22T17:50:18.728Z [Modules] Streaming discord_desktop_core@1 to /home/paul/.config/discord/0.0.60/modules/pending/discord_desktop_core-1.zip: 70%
2024-07-22T17:50:18.731Z [Modules] Streaming discord_desktop_core@1 to /home/paul/.config/discord/0.0.60/modules/pending/discord_desktop_core-1.zip: 71%
2024-07-22T17:50:18.744Z [Modules] Streaming discord_desktop_core@1 to /home/paul/.config/discord/0.0.60/modules/pending/discord_desktop_core-1.zip: 72%
2024-07-22T17:50:18.747Z [Modules] Streaming discord_desktop_core@1 to /home/paul/.config/discord/0.0.60/modules/pending/discord_desktop_core-1.zip: 73%
2024-07-22T17:50:18.749Z [Modules] Streaming discord_desktop_core@1 to /home/paul/.config/discord/0.0.60/modules/pending/discord_desktop_core-1.zip: 74%
2024-07-22T17:50:18.755Z [Modules] Streaming discord_desktop_core@1 to /home/paul/.config/discord/0.0.60/modules/pending/discord_desktop_core-1.zip: 77%
2024-07-22T17:50:18.758Z [Modules] Streaming discord_desktop_core@1 to /home/paul/.config/discord/0.0.60/modules/pending/discord_desktop_core-1.zip: 80%
2024-07-22T17:50:18.762Z [Modules] Streaming discord_desktop_core@1 to /home/paul/.config/discord/0.0.60/modules/pending/discord_desktop_core-1.zip: 83%
2024-07-22T17:50:18.766Z [Modules] Streaming discord_desktop_core@1 to /home/paul/.config/discord/0.0.60/modules/pending/discord_desktop_core-1.zip: 90%
2024-07-22T17:50:18.808Z [Modules] Streaming discord_desktop_core@1 to /home/paul/.config/discord/0.0.60/modules/pending/discord_desktop_core-1.zip: 92%
2024-07-22T17:50:18.811Z [Modules] Streaming discord_desktop_core@1 to /home/paul/.config/discord/0.0.60/modules/pending/discord_desktop_core-1.zip: 97%
2024-07-22T17:50:18.819Z [Modules] Streaming discord_desktop_core@1 to /home/paul/.config/discord/0.0.60/modules/pending/discord_desktop_core-1.zip: 100%
2024-07-22T17:50:18.825Z [Modules] Fetching discord_erlpack@1 from https://discord.com/api/modules/stable/discord_erlpack/1
2024-07-22T17:50:18.826Z [Modules] Streaming discord_erlpack@1 to /home/paul/.config/discord/0.0.60/modules/pending/discord_erlpack-1.zip
2024-07-22T17:50:19.447Z [Modules] Streaming discord_erlpack@1 to /home/paul/.config/discord/0.0.60/modules/pending/discord_erlpack-1.zip: 3%
2024-07-22T17:50:19.459Z [Modules] Streaming discord_erlpack@1 to /home/paul/.config/discord/0.0.60/modules/pending/discord_erlpack-1.zip: 6%
2024-07-22T17:50:19.466Z [Modules] Streaming discord_erlpack@1 to /home/paul/.config/discord/0.0.60/modules/pending/discord_erlpack-1.zip: 12%
2024-07-22T17:50:19.484Z [Modules] Streaming discord_erlpack@1 to /home/paul/.config/discord/0.0.60/modules/pending/discord_erlpack-1.zip: 31%
2024-07-22T17:50:19.493Z [Modules] Streaming discord_erlpack@1 to /home/paul/.config/discord/0.0.60/modules/pending/discord_erlpack-1.zip: 37%
2024-07-22T17:50:19.507Z [Modules] Streaming discord_erlpack@1 to /home/paul/.config/discord/0.0.60/modules/pending/discord_erlpack-1.zip: 43%
2024-07-22T17:50:19.515Z [Modules] Streaming discord_erlpack@1 to /home/paul/.config/discord/0.0.60/modules/pending/discord_erlpack-1.zip: 49%
2024-07-22T17:50:19.522Z [Modules] Streaming discord_erlpack@1 to /home/paul/.config/discord/0.0.60/modules/pending/discord_erlpack-1.zip: 55%
2024-07-22T17:50:19.537Z [Modules] Streaming discord_erlpack@1 to /home/paul/.config/discord/0.0.60/modules/pending/discord_erlpack-1.zip: 68%
2024-07-22T17:50:19.599Z [Modules] Streaming discord_erlpack@1 to /home/paul/.config/discord/0.0.60/modules/pending/discord_erlpack-1.zip: 71%
2024-07-22T17:50:19.608Z [Modules] Streaming discord_erlpack@1 to /home/paul/.config/discord/0.0.60/modules/pending/discord_erlpack-1.zip: 73%
2024-07-22T17:50:19.766Z [Modules] Streaming discord_erlpack@1 to /home/paul/.config/discord/0.0.60/modules/pending/discord_erlpack-1.zip: 75%
2024-07-22T17:50:19.770Z [Modules] Streaming discord_erlpack@1 to /home/paul/.config/discord/0.0.60/modules/pending/discord_erlpack-1.zip: 78%
2024-07-22T17:50:19.774Z [Modules] Streaming discord_erlpack@1 to /home/paul/.config/discord/0.0.60/modules/pending/discord_erlpack-1.zip: 87%
2024-07-22T17:50:19.779Z [Modules] Streaming discord_erlpack@1 to /home/paul/.config/discord/0.0.60/modules/pending/discord_erlpack-1.zip: 96%
2024-07-22T17:50:19.782Z [Modules] Streaming discord_erlpack@1 to /home/paul/.config/discord/0.0.60/modules/pending/discord_erlpack-1.zip: 97%
2024-07-22T17:50:19.786Z [Modules] Streaming discord_erlpack@1 to /home/paul/.config/discord/0.0.60/modules/pending/discord_erlpack-1.zip: 100%
2024-07-22T17:50:19.793Z [Modules] Fetching discord_spellcheck@1 from https://discord.com/api/modules/stable/discord_spellcheck/1
2024-07-22T17:50:19.794Z [Modules] Streaming discord_spellcheck@1 to /home/paul/.config/discord/0.0.60/modules/pending/discord_spellcheck-1.zip
2024-07-22T17:50:20.351Z [Modules] Streaming discord_spellcheck@1 to /home/paul/.config/discord/0.0.60/modules/pending/discord_spellcheck-1.zip: 1%
2024-07-22T17:50:20.355Z [Modules] Streaming discord_spellcheck@1 to /home/paul/.config/discord/0.0.60/modules/pending/discord_spellcheck-1.zip: 2%
2024-07-22T17:50:20.360Z [Modules] Streaming discord_spellcheck@1 to /home/paul/.config/discord/0.0.60/modules/pending/discord_spellcheck-1.zip: 3%
2024-07-22T17:50:20.528Z [Modules] Streaming discord_spellcheck@1 to /home/paul/.config/discord/0.0.60/modules/pending/discord_spellcheck-1.zip: 4%
2024-07-22T17:50:20.531Z [Modules] Streaming discord_spellcheck@1 to /home/paul/.config/discord/0.0.60/modules/pending/discord_spellcheck-1.zip: 5%
2024-07-22T17:50:20.534Z [Modules] Streaming discord_spellcheck@1 to /home/paul/.config/discord/0.0.60/modules/pending/discord_spellcheck-1.zip: 8%
2024-07-22T17:50:20.538Z [Modules] Streaming discord_spellcheck@1 to /home/paul/.config/discord/0.0.60/modules/pending/discord_spellcheck-1.zip: 11%
2024-07-22T17:50:20.564Z [Modules] Streaming discord_spellcheck@1 to /home/paul/.config/discord/0.0.60/modules/pending/discord_spellcheck-1.zip: 12%
2024-07-22T17:50:20.567Z [Modules] Streaming discord_spellcheck@1 to /home/paul/.config/discord/0.0.60/modules/pending/discord_spellcheck-1.zip: 13%
2024-07-22T17:50:20.572Z [Modules] Streaming discord_spellcheck@1 to /home/paul/.config/discord/0.0.60/modules/pending/discord_spellcheck-1.zip: 16%
2024-07-22T17:50:20.576Z [Modules] Streaming discord_spellcheck@1 to /home/paul/.config/discord/0.0.60/modules/pending/discord_spellcheck-1.zip: 19%
2024-07-22T17:50:20.582Z [Modules] Streaming discord_spellcheck@1 to /home/paul/.config/discord/0.0.60/modules/pending/discord_spellcheck-1.zip: 20%
2024-07-22T17:50:20.585Z [Modules] Streaming discord_spellcheck@1 to /home/paul/.config/discord/0.0.60/modules/pending/discord_spellcheck-1.zip: 22%
2024-07-22T17:50:20.620Z [Modules] Streaming discord_spellcheck@1 to /home/paul/.config/discord/0.0.60/modules/pending/discord_spellcheck-1.zip: 23%
2024-07-22T17:50:20.624Z [Modules] Streaming discord_spellcheck@1 to /home/paul/.config/discord/0.0.60/modules/pending/discord_spellcheck-1.zip: 24%
2024-07-22T17:50:20.631Z [Modules] Streaming discord_spellcheck@1 to /home/paul/.config/discord/0.0.60/modules/pending/discord_spellcheck-1.zip: 26%
2024-07-22T17:50:20.635Z [Modules] Streaming discord_spellcheck@1 to /home/paul/.config/discord/0.0.60/modules/pending/discord_spellcheck-1.zip: 27%
2024-07-22T17:50:20.638Z [Modules] Streaming discord_spellcheck@1 to /home/paul/.config/discord/0.0.60/modules/pending/discord_spellcheck-1.zip: 29%
2024-07-22T17:50:20.643Z [Modules] Streaming discord_spellcheck@1 to /home/paul/.config/discord/0.0.60/modules/pending/discord_spellcheck-1.zip: 30%
2024-07-22T17:50:20.674Z [Modules] Streaming discord_spellcheck@1 to /home/paul/.config/discord/0.0.60/modules/pending/discord_spellcheck-1.zip: 31%
2024-07-22T17:50:20.678Z [Modules] Streaming discord_spellcheck@1 to /home/paul/.config/discord/0.0.60/modules/pending/discord_spellcheck-1.zip: 32%
2024-07-22T17:50:20.683Z [Modules] Streaming discord_spellcheck@1 to /home/paul/.config/discord/0.0.60/modules/pending/discord_spellcheck-1.zip: 35%
2024-07-22T17:50:20.686Z [Modules] Streaming discord_spellcheck@1 to /home/paul/.config/discord/0.0.60/modules/pending/discord_spellcheck-1.zip: 38%
2024-07-22T17:50:20.689Z [Modules] Streaming discord_spellcheck@1 to /home/paul/.config/discord/0.0.60/modules/pending/discord_spellcheck-1.zip: 39%
2024-07-22T17:50:20.722Z [Modules] Streaming discord_spellcheck@1 to /home/paul/.config/discord/0.0.60/modules/pending/discord_spellcheck-1.zip: 40%
2024-07-22T17:50:20.723Z [Modules] Streaming discord_spellcheck@1 to /home/paul/.config/discord/0.0.60/modules/pending/discord_spellcheck-1.zip: 41%
2024-07-22T17:50:20.728Z [Modules] Streaming discord_spellcheck@1 to /home/paul/.config/discord/0.0.60/modules/pending/discord_spellcheck-1.zip: 44%
2024-07-22T17:50:20.738Z [Modules] Streaming discord_spellcheck@1 to /home/paul/.config/discord/0.0.60/modules/pending/discord_spellcheck-1.zip: 45%
2024-07-22T17:50:20.784Z [Modules] Streaming discord_spellcheck@1 to /home/paul/.config/discord/0.0.60/modules/pending/discord_spellcheck-1.zip: 46%
2024-07-22T17:50:20.791Z [Modules] Streaming discord_spellcheck@1 to /home/paul/.config/discord/0.0.60/modules/pending/discord_spellcheck-1.zip: 47%
2024-07-22T17:50:20.797Z [Modules] Streaming discord_spellcheck@1 to /home/paul/.config/discord/0.0.60/modules/pending/discord_spellcheck-1.zip: 48%
2024-07-22T17:50:20.965Z [Modules] Streaming discord_spellcheck@1 to /home/paul/.config/discord/0.0.60/modules/pending/discord_spellcheck-1.zip: 49%
2024-07-22T17:50:20.969Z [Modules] Streaming discord_spellcheck@1 to /home/paul/.config/discord/0.0.60/modules/pending/discord_spellcheck-1.zip: 50%
2024-07-22T17:50:20.973Z [Modules] Streaming discord_spellcheck@1 to /home/paul/.config/discord/0.0.60/modules/pending/discord_spellcheck-1.zip: 52%
2024-07-22T17:50:20.977Z [Modules] Streaming discord_spellcheck@1 to /home/paul/.config/discord/0.0.60/modules/pending/discord_spellcheck-1.zip: 53%
2024-07-22T17:50:20.982Z [Modules] Streaming discord_spellcheck@1 to /home/paul/.config/discord/0.0.60/modules/pending/discord_spellcheck-1.zip: 54%
2024-07-22T17:50:20.986Z [Modules] Streaming discord_spellcheck@1 to /home/paul/.config/discord/0.0.60/modules/pending/discord_spellcheck-1.zip: 55%
2024-07-22T17:50:20.990Z [Modules] Streaming discord_spellcheck@1 to /home/paul/.config/discord/0.0.60/modules/pending/discord_spellcheck-1.zip: 58%
2024-07-22T17:50:20.994Z [Modules] Streaming discord_spellcheck@1 to /home/paul/.config/discord/0.0.60/modules/pending/discord_spellcheck-1.zip: 59%
2024-07-22T17:50:20.997Z [Modules] Streaming discord_spellcheck@1 to /home/paul/.config/discord/0.0.60/modules/pending/discord_spellcheck-1.zip: 61%
2024-07-22T17:50:21.001Z [Modules] Streaming discord_spellcheck@1 to /home/paul/.config/discord/0.0.60/modules/pending/discord_spellcheck-1.zip: 62%
2024-07-22T17:50:21.004Z [Modules] Streaming discord_spellcheck@1 to /home/paul/.config/discord/0.0.60/modules/pending/discord_spellcheck-1.zip: 64%
2024-07-22T17:50:21.008Z [Modules] Streaming discord_spellcheck@1 to /home/paul/.config/discord/0.0.60/modules/pending/discord_spellcheck-1.zip: 65%
2024-07-22T17:50:21.065Z [Modules] Streaming discord_spellcheck@1 to /home/paul/.config/discord/0.0.60/modules/pending/discord_spellcheck-1.zip: 66%
2024-07-22T17:50:21.069Z [Modules] Streaming discord_spellcheck@1 to /home/paul/.config/discord/0.0.60/modules/pending/discord_spellcheck-1.zip: 68%
2024-07-22T17:50:21.072Z [Modules] Streaming discord_spellcheck@1 to /home/paul/.config/discord/0.0.60/modules/pending/discord_spellcheck-1.zip: 69%
2024-07-22T17:50:21.075Z [Modules] Streaming discord_spellcheck@1 to /home/paul/.config/discord/0.0.60/modules/pending/discord_spellcheck-1.zip: 72%
2024-07-22T17:50:21.081Z [Modules] Streaming discord_spellcheck@1 to /home/paul/.config/discord/0.0.60/modules/pending/discord_spellcheck-1.zip: 73%
2024-07-22T17:50:21.120Z [Modules] Streaming discord_spellcheck@1 to /home/paul/.config/discord/0.0.60/modules/pending/discord_spellcheck-1.zip: 74%
2024-07-22T17:50:21.124Z [Modules] Streaming discord_spellcheck@1 to /home/paul/.config/discord/0.0.60/modules/pending/discord_spellcheck-1.zip: 75%
2024-07-22T17:50:21.131Z [Modules] Streaming discord_spellcheck@1 to /home/paul/.config/discord/0.0.60/modules/pending/discord_spellcheck-1.zip: 77%
2024-07-22T17:50:21.140Z [Modules] Streaming discord_spellcheck@1 to /home/paul/.config/discord/0.0.60/modules/pending/discord_spellcheck-1.zip: 78%
2024-07-22T17:50:21.145Z [Modules] Streaming discord_spellcheck@1 to /home/paul/.config/discord/0.0.60/modules/pending/discord_spellcheck-1.zip: 79%
2024-07-22T17:50:21.152Z [Modules] Streaming discord_spellcheck@1 to /home/paul/.config/discord/0.0.60/modules/pending/discord_spellcheck-1.zip: 81%
2024-07-22T17:50:21.156Z [Modules] Streaming discord_spellcheck@1 to /home/paul/.config/discord/0.0.60/modules/pending/discord_spellcheck-1.zip: 82%
2024-07-22T17:50:21.159Z [Modules] Streaming discord_spellcheck@1 to /home/paul/.config/discord/0.0.60/modules/pending/discord_spellcheck-1.zip: 83%
2024-07-22T17:50:21.188Z [Modules] Streaming discord_spellcheck@1 to /home/paul/.config/discord/0.0.60/modules/pending/discord_spellcheck-1.zip: 90%
2024-07-22T17:50:21.351Z [Modules] Streaming discord_spellcheck@1 to /home/paul/.config/discord/0.0.60/modules/pending/discord_spellcheck-1.zip: 91%
2024-07-22T17:50:21.353Z [Modules] Streaming discord_spellcheck@1 to /home/paul/.config/discord/0.0.60/modules/pending/discord_spellcheck-1.zip: 92%
2024-07-22T17:50:21.355Z [Modules] Streaming discord_spellcheck@1 to /home/paul/.config/discord/0.0.60/modules/pending/discord_spellcheck-1.zip: 93%
2024-07-22T17:50:21.357Z [Modules] Streaming discord_spellcheck@1 to /home/paul/.config/discord/0.0.60/modules/pending/discord_spellcheck-1.zip: 94%
2024-07-22T17:50:21.360Z [Modules] Streaming discord_spellcheck@1 to /home/paul/.config/discord/0.0.60/modules/pending/discord_spellcheck-1.zip: 95%
2024-07-22T17:50:21.362Z [Modules] Streaming discord_spellcheck@1 to /home/paul/.config/discord/0.0.60/modules/pending/discord_spellcheck-1.zip: 97%
2024-07-22T17:50:21.364Z [Modules] Streaming discord_spellcheck@1 to /home/paul/.config/discord/0.0.60/modules/pending/discord_spellcheck-1.zip: 98%
2024-07-22T17:50:21.366Z [Modules] Streaming discord_spellcheck@1 to /home/paul/.config/discord/0.0.60/modules/pending/discord_spellcheck-1.zip: 100%
2024-07-22T17:50:21.369Z [Modules] Fetching discord_utils@1 from https://discord.com/api/modules/stable/discord_utils/1
2024-07-22T17:50:21.369Z [Modules] Streaming discord_utils@1 to /home/paul/.config/discord/0.0.60/modules/pending/discord_utils-1.zip
2024-07-22T17:50:21.938Z [Modules] Streaming discord_utils@1 to /home/paul/.config/discord/0.0.60/modules/pending/discord_utils-1.zip: 1%
2024-07-22T17:50:21.941Z [Modules] Streaming discord_utils@1 to /home/paul/.config/discord/0.0.60/modules/pending/discord_utils-1.zip: 3%
2024-07-22T17:50:21.943Z [Modules] Streaming discord_utils@1 to /home/paul/.config/discord/0.0.60/modules/pending/discord_utils-1.zip: 4%
2024-07-22T17:50:21.946Z [Modules] Streaming discord_utils@1 to /home/paul/.config/discord/0.0.60/modules/pending/discord_utils-1.zip: 6%
2024-07-22T17:50:21.949Z [Modules] Streaming discord_utils@1 to /home/paul/.config/discord/0.0.60/modules/pending/discord_utils-1.zip: 9%
2024-07-22T17:50:21.951Z [Modules] Streaming discord_utils@1 to /home/paul/.config/discord/0.0.60/modules/pending/discord_utils-1.zip: 11%
2024-07-22T17:50:21.953Z [Modules] Streaming discord_utils@1 to /home/paul/.config/discord/0.0.60/modules/pending/discord_utils-1.zip: 13%
2024-07-22T17:50:21.957Z [Modules] Streaming discord_utils@1 to /home/paul/.config/discord/0.0.60/modules/pending/discord_utils-1.zip: 14%
2024-07-22T17:50:21.963Z [Modules] Streaming discord_utils@1 to /home/paul/.config/discord/0.0.60/modules/pending/discord_utils-1.zip: 15%
2024-07-22T17:50:21.965Z [Modules] Streaming discord_utils@1 to /home/paul/.config/discord/0.0.60/modules/pending/discord_utils-1.zip: 16%
2024-07-22T17:50:21.968Z [Modules] Streaming discord_utils@1 to /home/paul/.config/discord/0.0.60/modules/pending/discord_utils-1.zip: 18%
2024-07-22T17:50:21.969Z [Modules] Streaming discord_utils@1 to /home/paul/.config/discord/0.0.60/modules/pending/discord_utils-1.zip: 20%
2024-07-22T17:50:21.972Z [Modules] Streaming discord_utils@1 to /home/paul/.config/discord/0.0.60/modules/pending/discord_utils-1.zip: 22%
2024-07-22T17:50:21.975Z [Modules] Streaming discord_utils@1 to /home/paul/.config/discord/0.0.60/modules/pending/discord_utils-1.zip: 24%
2024-07-22T17:50:21.979Z [Modules] Streaming discord_utils@1 to /home/paul/.config/discord/0.0.60/modules/pending/discord_utils-1.zip: 26%
2024-07-22T17:50:21.983Z [Modules] Streaming discord_utils@1 to /home/paul/.config/discord/0.0.60/modules/pending/discord_utils-1.zip: 27%
2024-07-22T17:50:21.986Z [Modules] Streaming discord_utils@1 to /home/paul/.config/discord/0.0.60/modules/pending/discord_utils-1.zip: 29%
2024-07-22T17:50:21.988Z [Modules] Streaming discord_utils@1 to /home/paul/.config/discord/0.0.60/modules/pending/discord_utils-1.zip: 31%
2024-07-22T17:50:21.992Z [Modules] Streaming discord_utils@1 to /home/paul/.config/discord/0.0.60/modules/pending/discord_utils-1.zip: 32%
2024-07-22T17:50:21.994Z [Modules] Streaming discord_utils@1 to /home/paul/.config/discord/0.0.60/modules/pending/discord_utils-1.zip: 33%
2024-07-22T17:50:21.998Z [Modules] Streaming discord_utils@1 to /home/paul/.config/discord/0.0.60/modules/pending/discord_utils-1.zip: 34%
2024-07-22T17:50:22.046Z [Modules] Streaming discord_utils@1 to /home/paul/.config/discord/0.0.60/modules/pending/discord_utils-1.zip: 36%
2024-07-22T17:50:22.050Z [Modules] Streaming discord_utils@1 to /home/paul/.config/discord/0.0.60/modules/pending/discord_utils-1.zip: 38%
2024-07-22T17:50:22.053Z [Modules] Streaming discord_utils@1 to /home/paul/.config/discord/0.0.60/modules/pending/discord_utils-1.zip: 40%
2024-07-22T17:50:22.055Z [Modules] Streaming discord_utils@1 to /home/paul/.config/discord/0.0.60/modules/pending/discord_utils-1.zip: 42%
2024-07-22T17:50:22.058Z [Modules] Streaming discord_utils@1 to /home/paul/.config/discord/0.0.60/modules/pending/discord_utils-1.zip: 44%
2024-07-22T17:50:22.062Z [Modules] Streaming discord_utils@1 to /home/paul/.config/discord/0.0.60/modules/pending/discord_utils-1.zip: 46%
2024-07-22T17:50:22.064Z [Modules] Streaming discord_utils@1 to /home/paul/.config/discord/0.0.60/modules/pending/discord_utils-1.zip: 48%
2024-07-22T17:50:22.067Z [Modules] Streaming discord_utils@1 to /home/paul/.config/discord/0.0.60/modules/pending/discord_utils-1.zip: 50%
2024-07-22T17:50:22.070Z [Modules] Streaming discord_utils@1 to /home/paul/.config/discord/0.0.60/modules/pending/discord_utils-1.zip: 52%
2024-07-22T17:50:22.073Z [Modules] Streaming discord_utils@1 to /home/paul/.config/discord/0.0.60/modules/pending/discord_utils-1.zip: 54%
2024-07-22T17:50:22.077Z [Modules] Streaming discord_utils@1 to /home/paul/.config/discord/0.0.60/modules/pending/discord_utils-1.zip: 56%
2024-07-22T17:50:22.081Z [Modules] Streaming discord_utils@1 to /home/paul/.config/discord/0.0.60/modules/pending/discord_utils-1.zip: 58%
2024-07-22T17:50:22.084Z [Modules] Streaming discord_utils@1 to /home/paul/.config/discord/0.0.60/modules/pending/discord_utils-1.zip: 60%
2024-07-22T17:50:22.086Z [Modules] Streaming discord_utils@1 to /home/paul/.config/discord/0.0.60/modules/pending/discord_utils-1.zip: 62%
2024-07-22T17:50:22.091Z [Modules] Streaming discord_utils@1 to /home/paul/.config/discord/0.0.60/modules/pending/discord_utils-1.zip: 64%
2024-07-22T17:50:22.263Z [Modules] Streaming discord_utils@1 to /home/paul/.config/discord/0.0.60/modules/pending/discord_utils-1.zip: 65%
2024-07-22T17:50:22.264Z [Modules] Streaming discord_utils@1 to /home/paul/.config/discord/0.0.60/modules/pending/discord_utils-1.zip: 66%
2024-07-22T17:50:22.267Z [Modules] Streaming discord_utils@1 to /home/paul/.config/discord/0.0.60/modules/pending/discord_utils-1.zip: 72%
2024-07-22T17:50:22.269Z [Modules] Streaming discord_utils@1 to /home/paul/.config/discord/0.0.60/modules/pending/discord_utils-1.zip: 76%
2024-07-22T17:50:22.271Z [Modules] Streaming discord_utils@1 to /home/paul/.config/discord/0.0.60/modules/pending/discord_utils-1.zip: 80%
2024-07-22T17:50:22.273Z [Modules] Streaming discord_utils@1 to /home/paul/.config/discord/0.0.60/modules/pending/discord_utils-1.zip: 83%
2024-07-22T17:50:22.275Z [Modules] Streaming discord_utils@1 to /home/paul/.config/discord/0.0.60/modules/pending/discord_utils-1.zip: 85%
2024-07-22T17:50:22.277Z [Modules] Streaming discord_utils@1 to /home/paul/.config/discord/0.0.60/modules/pending/discord_utils-1.zip: 87%
2024-07-22T17:50:22.280Z [Modules] Streaming discord_utils@1 to /home/paul/.config/discord/0.0.60/modules/pending/discord_utils-1.zip: 93%
2024-07-22T17:50:22.282Z [Modules] Streaming discord_utils@1 to /home/paul/.config/discord/0.0.60/modules/pending/discord_utils-1.zip: 97%
2024-07-22T17:50:22.310Z [Modules] Streaming discord_utils@1 to /home/paul/.config/discord/0.0.60/modules/pending/discord_utils-1.zip: 98%
2024-07-22T17:50:22.424Z [Modules] Streaming discord_utils@1 to /home/paul/.config/discord/0.0.60/modules/pending/discord_utils-1.zip: 99%
2024-07-22T17:50:22.426Z [Modules] Streaming discord_utils@1 to /home/paul/.config/discord/0.0.60/modules/pending/discord_utils-1.zip: 100%
2024-07-22T17:50:22.431Z [Modules] Fetching discord_voice@1 from https://discord.com/api/modules/stable/discord_voice/1
2024-07-22T17:50:22.431Z [Modules] Streaming discord_voice@1 to /home/paul/.config/discord/0.0.60/modules/pending/discord_voice-1.zip
2024-07-22T17:50:23.067Z [Modules] Streaming discord_voice@1 to /home/paul/.config/discord/0.0.60/modules/pending/discord_voice-1.zip: 1%
2024-07-22T17:50:23.080Z [Modules] Streaming discord_voice@1 to /home/paul/.config/discord/0.0.60/modules/pending/discord_voice-1.zip: 2%
2024-07-22T17:50:23.263Z [Modules] Streaming discord_voice@1 to /home/paul/.config/discord/0.0.60/modules/pending/discord_voice-1.zip: 3%
2024-07-22T17:50:23.436Z [Modules] Streaming discord_voice@1 to /home/paul/.config/discord/0.0.60/modules/pending/discord_voice-1.zip: 4%
2024-07-22T17:50:23.440Z [Modules] Streaming discord_voice@1 to /home/paul/.config/discord/0.0.60/modules/pending/discord_voice-1.zip: 5%
2024-07-22T17:50:23.446Z [Modules] Streaming discord_voice@1 to /home/paul/.config/discord/0.0.60/modules/pending/discord_voice-1.zip: 6%
2024-07-22T17:50:23.450Z [Modules] Streaming discord_voice@1 to /home/paul/.config/discord/0.0.60/modules/pending/discord_voice-1.zip: 7%
2024-07-22T17:50:23.452Z [Modules] Streaming discord_voice@1 to /home/paul/.config/discord/0.0.60/modules/pending/discord_voice-1.zip: 8%
2024-07-22T17:50:23.455Z [Modules] Streaming discord_voice@1 to /home/paul/.config/discord/0.0.60/modules/pending/discord_voice-1.zip: 9%
2024-07-22T17:50:23.457Z [Modules] Streaming discord_voice@1 to /home/paul/.config/discord/0.0.60/modules/pending/discord_voice-1.zip: 10%
2024-07-22T17:50:23.460Z [Modules] Streaming discord_voice@1 to /home/paul/.config/discord/0.0.60/modules/pending/discord_voice-1.zip: 11%
2024-07-22T17:50:23.498Z [Modules] Streaming discord_voice@1 to /home/paul/.config/discord/0.0.60/modules/pending/discord_voice-1.zip: 12%
2024-07-22T17:50:23.510Z [Modules] Streaming discord_voice@1 to /home/paul/.config/discord/0.0.60/modules/pending/discord_voice-1.zip: 13%
2024-07-22T17:50:23.513Z [Modules] Streaming discord_voice@1 to /home/paul/.config/discord/0.0.60/modules/pending/discord_voice-1.zip: 14%
2024-07-22T17:50:23.516Z [Modules] Streaming discord_voice@1 to /home/paul/.config/discord/0.0.60/modules/pending/discord_voice-1.zip: 15%
2024-07-22T17:50:23.521Z [Modules] Streaming discord_voice@1 to /home/paul/.config/discord/0.0.60/modules/pending/discord_voice-1.zip: 17%
2024-07-22T17:50:23.586Z [Modules] Streaming discord_voice@1 to /home/paul/.config/discord/0.0.60/modules/pending/discord_voice-1.zip: 18%
2024-07-22T17:50:23.589Z [Modules] Streaming discord_voice@1 to /home/paul/.config/discord/0.0.60/modules/pending/discord_voice-1.zip: 19%
2024-07-22T17:50:23.840Z [Modules] Streaming discord_voice@1 to /home/paul/.config/discord/0.0.60/modules/pending/discord_voice-1.zip: 20%
2024-07-22T17:50:23.853Z [Modules] Streaming discord_voice@1 to /home/paul/.config/discord/0.0.60/modules/pending/discord_voice-1.zip: 21%
2024-07-22T17:50:23.856Z [Modules] Streaming discord_voice@1 to /home/paul/.config/discord/0.0.60/modules/pending/discord_voice-1.zip: 22%
2024-07-22T17:50:23.858Z [Modules] Streaming discord_voice@1 to /home/paul/.config/discord/0.0.60/modules/pending/discord_voice-1.zip: 23%
2024-07-22T17:50:23.862Z [Modules] Streaming discord_voice@1 to /home/paul/.config/discord/0.0.60/modules/pending/discord_voice-1.zip: 24%
2024-07-22T17:50:23.866Z [Modules] Streaming discord_voice@1 to /home/paul/.config/discord/0.0.60/modules/pending/discord_voice-1.zip: 25%
2024-07-22T17:50:23.916Z [Modules] Streaming discord_voice@1 to /home/paul/.config/discord/0.0.60/modules/pending/discord_voice-1.zip: 26%
2024-07-22T17:50:23.928Z [Modules] Streaming discord_voice@1 to /home/paul/.config/discord/0.0.60/modules/pending/discord_voice-1.zip: 27%
2024-07-22T17:50:23.937Z [Modules] Streaming discord_voice@1 to /home/paul/.config/discord/0.0.60/modules/pending/discord_voice-1.zip: 28%
2024-07-22T17:50:24.176Z [Modules] Streaming discord_voice@1 to /home/paul/.config/discord/0.0.60/modules/pending/discord_voice-1.zip: 29%
2024-07-22T17:50:24.181Z [Modules] Streaming discord_voice@1 to /home/paul/.config/discord/0.0.60/modules/pending/discord_voice-1.zip: 30%
2024-07-22T17:50:24.185Z [Modules] Streaming discord_voice@1 to /home/paul/.config/discord/0.0.60/modules/pending/discord_voice-1.zip: 31%
2024-07-22T17:50:24.187Z [Modules] Streaming discord_voice@1 to /home/paul/.config/discord/0.0.60/modules/pending/discord_voice-1.zip: 32%
2024-07-22T17:50:24.189Z [Modules] Streaming discord_voice@1 to /home/paul/.config/discord/0.0.60/modules/pending/discord_voice-1.zip: 33%
2024-07-22T17:50:24.191Z [Modules] Streaming discord_voice@1 to /home/paul/.config/discord/0.0.60/modules/pending/discord_voice-1.zip: 34%
2024-07-22T17:50:24.193Z [Modules] Streaming discord_voice@1 to /home/paul/.config/discord/0.0.60/modules/pending/discord_voice-1.zip: 35%
2024-07-22T17:50:24.199Z [Modules] Streaming discord_voice@1 to /home/paul/.config/discord/0.0.60/modules/pending/discord_voice-1.zip: 36%
2024-07-22T17:50:24.307Z [Modules] Streaming discord_voice@1 to /home/paul/.config/discord/0.0.60/modules/pending/discord_voice-1.zip: 37%
2024-07-22T17:50:24.314Z [Modules] Streaming discord_voice@1 to /home/paul/.config/discord/0.0.60/modules/pending/discord_voice-1.zip: 38%
2024-07-22T17:50:24.319Z [Modules] Streaming discord_voice@1 to /home/paul/.config/discord/0.0.60/modules/pending/discord_voice-1.zip: 39%
2024-07-22T17:50:24.322Z [Modules] Streaming discord_voice@1 to /home/paul/.config/discord/0.0.60/modules/pending/discord_voice-1.zip: 40%
2024-07-22T17:50:24.326Z [Modules] Streaming discord_voice@1 to /home/paul/.config/discord/0.0.60/modules/pending/discord_voice-1.zip: 41%
2024-07-22T17:50:24.506Z [Modules] Streaming discord_voice@1 to /home/paul/.config/discord/0.0.60/modules/pending/discord_voice-1.zip: 42%
2024-07-22T17:50:24.511Z [Modules] Streaming discord_voice@1 to /home/paul/.config/discord/0.0.60/modules/pending/discord_voice-1.zip: 43%
2024-07-22T17:50:24.515Z [Modules] Streaming discord_voice@1 to /home/paul/.config/discord/0.0.60/modules/pending/discord_voice-1.zip: 44%
2024-07-22T17:50:24.518Z [Modules] Streaming discord_voice@1 to /home/paul/.config/discord/0.0.60/modules/pending/discord_voice-1.zip: 45%
2024-07-22T17:50:24.521Z [Modules] Streaming discord_voice@1 to /home/paul/.config/discord/0.0.60/modules/pending/discord_voice-1.zip: 46%
2024-07-22T17:50:24.523Z [Modules] Streaming discord_voice@1 to /home/paul/.config/discord/0.0.60/modules/pending/discord_voice-1.zip: 47%
2024-07-22T17:50:24.669Z [Modules] Streaming discord_voice@1 to /home/paul/.config/discord/0.0.60/modules/pending/discord_voice-1.zip: 48%
2024-07-22T17:50:24.681Z [Modules] Streaming discord_voice@1 to /home/paul/.config/discord/0.0.60/modules/pending/discord_voice-1.zip: 49%
2024-07-22T17:50:24.714Z [Modules] Streaming discord_voice@1 to /home/paul/.config/discord/0.0.60/modules/pending/discord_voice-1.zip: 50%
2024-07-22T17:50:24.742Z [Modules] Streaming discord_voice@1 to /home/paul/.config/discord/0.0.60/modules/pending/discord_voice-1.zip: 51%
2024-07-22T17:50:24.746Z [Modules] Streaming discord_voice@1 to /home/paul/.config/discord/0.0.60/modules/pending/discord_voice-1.zip: 52%
2024-07-22T17:50:24.750Z [Modules] Streaming discord_voice@1 to /home/paul/.config/discord/0.0.60/modules/pending/discord_voice-1.zip: 53%
2024-07-22T17:50:24.932Z [Modules] Streaming discord_voice@1 to /home/paul/.config/discord/0.0.60/modules/pending/discord_voice-1.zip: 54%
2024-07-22T17:50:24.936Z [Modules] Streaming discord_voice@1 to /home/paul/.config/discord/0.0.60/modules/pending/discord_voice-1.zip: 55%
2024-07-22T17:50:24.943Z [Modules] Streaming discord_voice@1 to /home/paul/.config/discord/0.0.60/modules/pending/discord_voice-1.zip: 56%
2024-07-22T17:50:24.948Z [Modules] Streaming discord_voice@1 to /home/paul/.config/discord/0.0.60/modules/pending/discord_voice-1.zip: 57%
2024-07-22T17:50:24.950Z [Modules] Streaming discord_voice@1 to /home/paul/.config/discord/0.0.60/modules/pending/discord_voice-1.zip: 58%
2024-07-22T17:50:24.953Z [Modules] Streaming discord_voice@1 to /home/paul/.config/discord/0.0.60/modules/pending/discord_voice-1.zip: 59%
2024-07-22T17:50:24.956Z [Modules] Streaming discord_voice@1 to /home/paul/.config/discord/0.0.60/modules/pending/discord_voice-1.zip: 60%
2024-07-22T17:50:24.962Z [Modules] Streaming discord_voice@1 to /home/paul/.config/discord/0.0.60/modules/pending/discord_voice-1.zip: 61%
2024-07-22T17:50:24.967Z [Modules] Streaming discord_voice@1 to /home/paul/.config/discord/0.0.60/modules/pending/discord_voice-1.zip: 62%
2024-07-22T17:50:24.970Z [Modules] Streaming discord_voice@1 to /home/paul/.config/discord/0.0.60/modules/pending/discord_voice-1.zip: 63%
2024-07-22T17:50:25.097Z [Modules] Streaming discord_voice@1 to /home/paul/.config/discord/0.0.60/modules/pending/discord_voice-1.zip: 64%
2024-07-22T17:50:25.105Z [Modules] Streaming discord_voice@1 to /home/paul/.config/discord/0.0.60/modules/pending/discord_voice-1.zip: 65%
2024-07-22T17:50:25.301Z [Modules] Streaming discord_voice@1 to /home/paul/.config/discord/0.0.60/modules/pending/discord_voice-1.zip: 66%
2024-07-22T17:50:25.304Z [Modules] Streaming discord_voice@1 to /home/paul/.config/discord/0.0.60/modules/pending/discord_voice-1.zip: 67%
2024-07-22T17:50:25.310Z [Modules] Streaming discord_voice@1 to /home/paul/.config/discord/0.0.60/modules/pending/discord_voice-1.zip: 68%
2024-07-22T17:50:25.314Z [Modules] Streaming discord_voice@1 to /home/paul/.config/discord/0.0.60/modules/pending/discord_voice-1.zip: 69%
2024-07-22T17:50:25.317Z [Modules] Streaming discord_voice@1 to /home/paul/.config/discord/0.0.60/modules/pending/discord_voice-1.zip: 70%
2024-07-22T17:50:25.330Z [Modules] Streaming discord_voice@1 to /home/paul/.config/discord/0.0.60/modules/pending/discord_voice-1.zip: 71%
2024-07-22T17:50:25.345Z [Modules] Streaming discord_voice@1 to /home/paul/.config/discord/0.0.60/modules/pending/discord_voice-1.zip: 72%
2024-07-22T17:50:25.353Z [Modules] Streaming discord_voice@1 to /home/paul/.config/discord/0.0.60/modules/pending/discord_voice-1.zip: 73%
2024-07-22T17:50:25.533Z [Modules] Streaming discord_voice@1 to /home/paul/.config/discord/0.0.60/modules/pending/discord_voice-1.zip: 74%
2024-07-22T17:50:25.537Z [Modules] Streaming discord_voice@1 to /home/paul/.config/discord/0.0.60/modules/pending/discord_voice-1.zip: 75%
2024-07-22T17:50:25.543Z [Modules] Streaming discord_voice@1 to /home/paul/.config/discord/0.0.60/modules/pending/discord_voice-1.zip: 76%
2024-07-22T17:50:25.547Z [Modules] Streaming discord_voice@1 to /home/paul/.config/discord/0.0.60/modules/pending/discord_voice-1.zip: 77%
2024-07-22T17:50:25.551Z [Modules] Streaming discord_voice@1 to /home/paul/.config/discord/0.0.60/modules/pending/discord_voice-1.zip: 78%
2024-07-22T17:50:25.554Z [Modules] Streaming discord_voice@1 to /home/paul/.config/discord/0.0.60/modules/pending/discord_voice-1.zip: 79%
2024-07-22T17:50:25.638Z [Modules] Streaming discord_voice@1 to /home/paul/.config/discord/0.0.60/modules/pending/discord_voice-1.zip: 80%
2024-07-22T17:50:25.644Z [Modules] Streaming discord_voice@1 to /home/paul/.config/discord/0.0.60/modules/pending/discord_voice-1.zip: 81%
2024-07-22T17:50:25.647Z [Modules] Streaming discord_voice@1 to /home/paul/.config/discord/0.0.60/modules/pending/discord_voice-1.zip: 82%
2024-07-22T17:50:25.651Z [Modules] Streaming discord_voice@1 to /home/paul/.config/discord/0.0.60/modules/pending/discord_voice-1.zip: 83%
2024-07-22T17:50:25.654Z [Modules] Streaming discord_voice@1 to /home/paul/.config/discord/0.0.60/modules/pending/discord_voice-1.zip: 84%
2024-07-22T17:50:25.657Z [Modules] Streaming discord_voice@1 to /home/paul/.config/discord/0.0.60/modules/pending/discord_voice-1.zip: 85%
2024-07-22T17:50:25.661Z [Modules] Streaming discord_voice@1 to /home/paul/.config/discord/0.0.60/modules/pending/discord_voice-1.zip: 86%
2024-07-22T17:50:25.666Z [Modules] Streaming discord_voice@1 to /home/paul/.config/discord/0.0.60/modules/pending/discord_voice-1.zip: 87%
2024-07-22T17:50:25.707Z [Modules] Streaming discord_voice@1 to /home/paul/.config/discord/0.0.60/modules/pending/discord_voice-1.zip: 88%
2024-07-22T17:50:25.717Z [Modules] Streaming discord_voice@1 to /home/paul/.config/discord/0.0.60/modules/pending/discord_voice-1.zip: 89%
2024-07-22T17:50:25.729Z [Modules] Streaming discord_voice@1 to /home/paul/.config/discord/0.0.60/modules/pending/discord_voice-1.zip: 90%
2024-07-22T17:50:25.742Z [Modules] Streaming discord_voice@1 to /home/paul/.config/discord/0.0.60/modules/pending/discord_voice-1.zip: 91%
2024-07-22T17:50:25.826Z [Modules] Streaming discord_voice@1 to /home/paul/.config/discord/0.0.60/modules/pending/discord_voice-1.zip: 92%
2024-07-22T17:50:25.837Z [Modules] Streaming discord_voice@1 to /home/paul/.config/discord/0.0.60/modules/pending/discord_voice-1.zip: 93%
2024-07-22T17:50:25.847Z [Modules] Streaming discord_voice@1 to /home/paul/.config/discord/0.0.60/modules/pending/discord_voice-1.zip: 94%
2024-07-22T17:50:25.860Z [Modules] Streaming discord_voice@1 to /home/paul/.config/discord/0.0.60/modules/pending/discord_voice-1.zip: 95%
2024-07-22T17:50:25.871Z [Modules] Streaming discord_voice@1 to /home/paul/.config/discord/0.0.60/modules/pending/discord_voice-1.zip: 96%
2024-07-22T17:50:25.881Z [Modules] Streaming discord_voice@1 to /home/paul/.config/discord/0.0.60/modules/pending/discord_voice-1.zip: 97%
2024-07-22T17:50:25.894Z [Modules] Streaming discord_voice@1 to /home/paul/.config/discord/0.0.60/modules/pending/discord_voice-1.zip: 98%
2024-07-22T17:50:25.950Z [Modules] Streaming discord_voice@1 to /home/paul/.config/discord/0.0.60/modules/pending/discord_voice-1.zip: 99%
2024-07-22T17:50:25.961Z [Modules] Streaming discord_voice@1 to /home/paul/.config/discord/0.0.60/modules/pending/discord_voice-1.zip: 100%
2024-07-22T17:50:25.964Z [Modules] Fetching discord_zstd@1 from https://discord.com/api/modules/stable/discord_zstd/1
2024-07-22T17:50:25.965Z [Modules] Streaming discord_zstd@1 to /home/paul/.config/discord/0.0.60/modules/pending/discord_zstd-1.zip
2024-07-22T17:50:26.568Z [Modules] Streaming discord_zstd@1 to /home/paul/.config/discord/0.0.60/modules/pending/discord_zstd-1.zip: 16%
2024-07-22T17:50:26.569Z [Modules] Streaming discord_zstd@1 to /home/paul/.config/discord/0.0.60/modules/pending/discord_zstd-1.zip: 50%
2024-07-22T17:50:26.571Z [Modules] Streaming discord_zstd@1 to /home/paul/.config/discord/0.0.60/modules/pending/discord_zstd-1.zip: 66%
2024-07-22T17:50:26.573Z [Modules] Streaming discord_zstd@1 to /home/paul/.config/discord/0.0.60/modules/pending/discord_zstd-1.zip: 83%
2024-07-22T17:50:26.577Z [Modules] Streaming discord_zstd@1 to /home/paul/.config/discord/0.0.60/modules/pending/discord_zstd-1.zip: 95%
2024-07-22T17:50:26.737Z [Modules] Streaming discord_zstd@1 to /home/paul/.config/discord/0.0.60/modules/pending/discord_zstd-1.zip: 100%
2024-07-22T17:50:26.740Z [Modules] Finished module downloads. [success: 6] [failure: 0]
2024-07-22T17:50:26.742Z [Modules] Installing updates...
2024-07-22T17:50:26.743Z [Modules] Installing discord_desktop_core@1 from /home/paul/.config/discord/0.0.60/modules/pending/discord_desktop_core-1.zip
2024-07-22T17:50:26.978Z [Modules] Installing discord_erlpack@1 from /home/paul/.config/discord/0.0.60/modules/pending/discord_erlpack-1.zip
2024-07-22T17:50:27.117Z [Modules] Installing discord_spellcheck@1 from /home/paul/.config/discord/0.0.60/modules/pending/discord_spellcheck-1.zip
2024-07-22T17:50:29.192Z [Modules] Installing discord_utils@1 from /home/paul/.config/discord/0.0.60/modules/pending/discord_utils-1.zip
2024-07-22T17:50:29.528Z [Modules] Installing discord_voice@1 from /home/paul/.config/discord/0.0.60/modules/pending/discord_voice-1.zip
2024-07-22T17:50:30.842Z [Modules] Installing discord_zstd@1 from /home/paul/.config/discord/0.0.60/modules/pending/discord_zstd-1.zip
2024-07-22T17:50:30.872Z [Modules] Finished module installations. [success: 6] [failure: 0]
2024-07-22T17:50:30.873Z [Modules] Checking for host updates.
2024-07-22T17:50:31.465Z [Modules] Host is up to date.
2024-07-22T17:50:31.466Z [Modules] Checking for module updates at https://discord.com/api/modules/stable/versions.json
2024-07-22T17:50:31.472Z [Modules] No module updates available.
2024-07-22T17:50:34.247Z [Modules] Starting to install discord_krisp...
2024-07-22T17:50:34.248Z [Modules] Fetching discord_krisp@1 from https://discord.com/api/modules/stable/discord_krisp/1
2024-07-22T17:50:34.249Z [Modules] Streaming discord_krisp@1 to /home/paul/.config/discord/0.0.60/modules/pending/discord_krisp-1.zip
2024-07-22T17:50:34.266Z [Modules] Starting to install discord_game_utils...
2024-07-22T17:50:35.016Z [Modules] Streaming discord_krisp@1 to /home/paul/.config/discord/0.0.60/modules/pending/discord_krisp-1.zip: 1%
2024-07-22T17:50:35.210Z [Modules] Streaming discord_krisp@1 to /home/paul/.config/discord/0.0.60/modules/pending/discord_krisp-1.zip: 2%
2024-07-22T17:50:35.212Z [Modules] Streaming discord_krisp@1 to /home/paul/.config/discord/0.0.60/modules/pending/discord_krisp-1.zip: 3%
2024-07-22T17:50:35.215Z [Modules] Streaming discord_krisp@1 to /home/paul/.config/discord/0.0.60/modules/pending/discord_krisp-1.zip: 4%
2024-07-22T17:50:35.217Z [Modules] Streaming discord_krisp@1 to /home/paul/.config/discord/0.0.60/modules/pending/discord_krisp-1.zip: 5%
2024-07-22T17:50:35.218Z [Modules] Streaming discord_krisp@1 to /home/paul/.config/discord/0.0.60/modules/pending/discord_krisp-1.zip: 6%
2024-07-22T17:50:35.220Z [Modules] Streaming discord_krisp@1 to /home/paul/.config/discord/0.0.60/modules/pending/discord_krisp-1.zip: 7%
2024-07-22T17:50:35.245Z [Modules] Streaming discord_krisp@1 to /home/paul/.config/discord/0.0.60/modules/pending/discord_krisp-1.zip: 8%
2024-07-22T17:50:35.248Z [Modules] Streaming discord_krisp@1 to /home/paul/.config/discord/0.0.60/modules/pending/discord_krisp-1.zip: 9%
2024-07-22T17:50:35.250Z [Modules] Streaming discord_krisp@1 to /home/paul/.config/discord/0.0.60/modules/pending/discord_krisp-1.zip: 10%
2024-07-22T17:50:35.320Z [Modules] Streaming discord_krisp@1 to /home/paul/.config/discord/0.0.60/modules/pending/discord_krisp-1.zip: 11%
2024-07-22T17:50:35.327Z [Modules] Streaming discord_krisp@1 to /home/paul/.config/discord/0.0.60/modules/pending/discord_krisp-1.zip: 12%
2024-07-22T17:50:35.331Z [Modules] Streaming discord_krisp@1 to /home/paul/.config/discord/0.0.60/modules/pending/discord_krisp-1.zip: 13%
2024-07-22T17:50:35.528Z [Modules] Streaming discord_krisp@1 to /home/paul/.config/discord/0.0.60/modules/pending/discord_krisp-1.zip: 14%
2024-07-22T17:50:35.535Z [Modules] Streaming discord_krisp@1 to /home/paul/.config/discord/0.0.60/modules/pending/discord_krisp-1.zip: 15%
2024-07-22T17:50:35.537Z [Modules] Streaming discord_krisp@1 to /home/paul/.config/discord/0.0.60/modules/pending/discord_krisp-1.zip: 16%
2024-07-22T17:50:35.539Z [Modules] Streaming discord_krisp@1 to /home/paul/.config/discord/0.0.60/modules/pending/discord_krisp-1.zip: 17%
2024-07-22T17:50:35.541Z [Modules] Streaming discord_krisp@1 to /home/paul/.config/discord/0.0.60/modules/pending/discord_krisp-1.zip: 18%
2024-07-22T17:50:35.544Z [Modules] Streaming discord_krisp@1 to /home/paul/.config/discord/0.0.60/modules/pending/discord_krisp-1.zip: 19%
2024-07-22T17:50:35.548Z [Modules] Streaming discord_krisp@1 to /home/paul/.config/discord/0.0.60/modules/pending/discord_krisp-1.zip: 20%
2024-07-22T17:50:35.551Z [Modules] Streaming discord_krisp@1 to /home/paul/.config/discord/0.0.60/modules/pending/discord_krisp-1.zip: 21%
2024-07-22T17:50:35.651Z [Modules] Streaming discord_krisp@1 to /home/paul/.config/discord/0.0.60/modules/pending/discord_krisp-1.zip: 22%
2024-07-22T17:50:35.655Z [Modules] Streaming discord_krisp@1 to /home/paul/.config/discord/0.0.60/modules/pending/discord_krisp-1.zip: 23%
2024-07-22T17:50:35.662Z [Modules] Streaming discord_krisp@1 to /home/paul/.config/discord/0.0.60/modules/pending/discord_krisp-1.zip: 24%
2024-07-22T17:50:35.873Z [Modules] Streaming discord_krisp@1 to /home/paul/.config/discord/0.0.60/modules/pending/discord_krisp-1.zip: 25%
2024-07-22T17:50:35.883Z [Modules] Streaming discord_krisp@1 to /home/paul/.config/discord/0.0.60/modules/pending/discord_krisp-1.zip: 26%
2024-07-22T17:50:35.891Z [Modules] Streaming discord_krisp@1 to /home/paul/.config/discord/0.0.60/modules/pending/discord_krisp-1.zip: 27%
2024-07-22T17:50:35.905Z [Modules] Streaming discord_krisp@1 to /home/paul/.config/discord/0.0.60/modules/pending/discord_krisp-1.zip: 28%
2024-07-22T17:50:35.912Z [Modules] Streaming discord_krisp@1 to /home/paul/.config/discord/0.0.60/modules/pending/discord_krisp-1.zip: 29%
2024-07-22T17:50:35.916Z [Modules] Streaming discord_krisp@1 to /home/paul/.config/discord/0.0.60/modules/pending/discord_krisp-1.zip: 30%
2024-07-22T17:50:35.923Z [Modules] Streaming discord_krisp@1 to /home/paul/.config/discord/0.0.60/modules/pending/discord_krisp-1.zip: 31%
2024-07-22T17:50:35.926Z [Modules] Streaming discord_krisp@1 to /home/paul/.config/discord/0.0.60/modules/pending/discord_krisp-1.zip: 32%
2024-07-22T17:50:35.929Z [Modules] Streaming discord_krisp@1 to /home/paul/.config/discord/0.0.60/modules/pending/discord_krisp-1.zip: 33%
2024-07-22T17:50:35.932Z [Modules] Streaming discord_krisp@1 to /home/paul/.config/discord/0.0.60/modules/pending/discord_krisp-1.zip: 34%
2024-07-22T17:50:36.016Z [Modules] Streaming discord_krisp@1 to /home/paul/.config/discord/0.0.60/modules/pending/discord_krisp-1.zip: 35%
2024-07-22T17:50:36.037Z [Modules] Streaming discord_krisp@1 to /home/paul/.config/discord/0.0.60/modules/pending/discord_krisp-1.zip: 36%
2024-07-22T17:50:36.043Z [Modules] Streaming discord_krisp@1 to /home/paul/.config/discord/0.0.60/modules/pending/discord_krisp-1.zip: 37%
2024-07-22T17:50:36.054Z [Modules] Streaming discord_krisp@1 to /home/paul/.config/discord/0.0.60/modules/pending/discord_krisp-1.zip: 38%
2024-07-22T17:50:36.063Z [Modules] Streaming discord_krisp@1 to /home/paul/.config/discord/0.0.60/modules/pending/discord_krisp-1.zip: 39%
2024-07-22T17:50:36.073Z [Modules] Streaming discord_krisp@1 to /home/paul/.config/discord/0.0.60/modules/pending/discord_krisp-1.zip: 40%
2024-07-22T17:50:36.082Z [Modules] Streaming discord_krisp@1 to /home/paul/.config/discord/0.0.60/modules/pending/discord_krisp-1.zip: 41%
2024-07-22T17:50:36.094Z [Modules] Streaming discord_krisp@1 to /home/paul/.config/discord/0.0.60/modules/pending/discord_krisp-1.zip: 42%
2024-07-22T17:50:36.106Z [Modules] Streaming discord_krisp@1 to /home/paul/.config/discord/0.0.60/modules/pending/discord_krisp-1.zip: 43%
2024-07-22T17:50:36.116Z [Modules] Streaming discord_krisp@1 to /home/paul/.config/discord/0.0.60/modules/pending/discord_krisp-1.zip: 44%
2024-07-22T17:50:36.127Z [Modules] Streaming discord_krisp@1 to /home/paul/.config/discord/0.0.60/modules/pending/discord_krisp-1.zip: 45%
2024-07-22T17:50:36.137Z [Modules] Streaming discord_krisp@1 to /home/paul/.config/discord/0.0.60/modules/pending/discord_krisp-1.zip: 46%
2024-07-22T17:50:36.175Z [Modules] Checking for host updates.
2024-07-22T17:50:36.316Z [Modules] Streaming discord_krisp@1 to /home/paul/.config/discord/0.0.60/modules/pending/discord_krisp-1.zip: 47%
2024-07-22T17:50:36.368Z [Modules] Streaming discord_krisp@1 to /home/paul/.config/discord/0.0.60/modules/pending/discord_krisp-1.zip: 48%
2024-07-22T17:50:36.380Z [Modules] Starting to install discord_rpc...
2024-07-22T17:50:36.386Z [Modules] Streaming discord_krisp@1 to /home/paul/.config/discord/0.0.60/modules/pending/discord_krisp-1.zip: 49%
2024-07-22T17:50:36.391Z [Modules] Streaming discord_krisp@1 to /home/paul/.config/discord/0.0.60/modules/pending/discord_krisp-1.zip: 50%
2024-07-22T17:50:36.398Z [Modules] Streaming discord_krisp@1 to /home/paul/.config/discord/0.0.60/modules/pending/discord_krisp-1.zip: 51%
2024-07-22T17:50:36.401Z [Modules] Streaming discord_krisp@1 to /home/paul/.config/discord/0.0.60/modules/pending/discord_krisp-1.zip: 52%
2024-07-22T17:50:36.404Z [Modules] Streaming discord_krisp@1 to /home/paul/.config/discord/0.0.60/modules/pending/discord_krisp-1.zip: 53%
2024-07-22T17:50:36.406Z [Modules] Streaming discord_krisp@1 to /home/paul/.config/discord/0.0.60/modules/pending/discord_krisp-1.zip: 54%
2024-07-22T17:50:36.408Z [Modules] Streaming discord_krisp@1 to /home/paul/.config/discord/0.0.60/modules/pending/discord_krisp-1.zip: 55%
2024-07-22T17:50:36.409Z [Modules] Streaming discord_krisp@1 to /home/paul/.config/discord/0.0.60/modules/pending/discord_krisp-1.zip: 56%
2024-07-22T17:50:36.465Z [Modules] Streaming discord_krisp@1 to /home/paul/.config/discord/0.0.60/modules/pending/discord_krisp-1.zip: 57%
2024-07-22T17:50:36.630Z [Modules] Host is up to date.
2024-07-22T17:50:36.631Z [Modules] Checking for module updates at https://discord.com/api/modules/stable/versions.json
2024-07-22T17:50:36.634Z [Modules] Streaming discord_krisp@1 to /home/paul/.config/discord/0.0.60/modules/pending/discord_krisp-1.zip: 58%
2024-07-22T17:50:36.641Z [Modules] No module updates available.
2024-07-22T17:50:36.653Z [Modules] Streaming discord_krisp@1 to /home/paul/.config/discord/0.0.60/modules/pending/discord_krisp-1.zip: 59%
2024-07-22T17:50:36.659Z [Modules] Streaming discord_krisp@1 to /home/paul/.config/discord/0.0.60/modules/pending/discord_krisp-1.zip: 61%
2024-07-22T17:50:36.663Z [Modules] Streaming discord_krisp@1 to /home/paul/.config/discord/0.0.60/modules/pending/discord_krisp-1.zip: 62%
2024-07-22T17:50:36.665Z [Modules] Streaming discord_krisp@1 to /home/paul/.config/discord/0.0.60/modules/pending/discord_krisp-1.zip: 63%
2024-07-22T17:50:36.667Z [Modules] Streaming discord_krisp@1 to /home/paul/.config/discord/0.0.60/modules/pending/discord_krisp-1.zip: 64%
2024-07-22T17:50:36.777Z [Modules] Streaming discord_krisp@1 to /home/paul/.config/discord/0.0.60/modules/pending/discord_krisp-1.zip: 65%
2024-07-22T17:50:36.780Z [Modules] Streaming discord_krisp@1 to /home/paul/.config/discord/0.0.60/modules/pending/discord_krisp-1.zip: 66%
2024-07-22T17:50:36.787Z [Modules] Streaming discord_krisp@1 to /home/paul/.config/discord/0.0.60/modules/pending/discord_krisp-1.zip: 67%
2024-07-22T17:50:36.795Z [Modules] Streaming discord_krisp@1 to /home/paul/.config/discord/0.0.60/modules/pending/discord_krisp-1.zip: 68%
2024-07-22T17:50:36.801Z [Modules] Streaming discord_krisp@1 to /home/paul/.config/discord/0.0.60/modules/pending/discord_krisp-1.zip: 69%
2024-07-22T17:50:36.804Z [Modules] Streaming discord_krisp@1 to /home/paul/.config/discord/0.0.60/modules/pending/discord_krisp-1.zip: 70%
2024-07-22T17:50:36.888Z [Modules] Streaming discord_krisp@1 to /home/paul/.config/discord/0.0.60/modules/pending/discord_krisp-1.zip: 71%
2024-07-22T17:50:36.899Z [Modules] Streaming discord_krisp@1 to /home/paul/.config/discord/0.0.60/modules/pending/discord_krisp-1.zip: 72%
2024-07-22T17:50:36.910Z [Modules] Streaming discord_krisp@1 to /home/paul/.config/discord/0.0.60/modules/pending/discord_krisp-1.zip: 73%
2024-07-22T17:50:36.923Z [Modules] Streaming discord_krisp@1 to /home/paul/.config/discord/0.0.60/modules/pending/discord_krisp-1.zip: 74%
2024-07-22T17:50:36.935Z [Modules] Streaming discord_krisp@1 to /home/paul/.config/discord/0.0.60/modules/pending/discord_krisp-1.zip: 75%
2024-07-22T17:50:36.948Z [Modules] Streaming discord_krisp@1 to /home/paul/.config/discord/0.0.60/modules/pending/discord_krisp-1.zip: 76%
2024-07-22T17:50:36.957Z [Modules] Streaming discord_krisp@1 to /home/paul/.config/discord/0.0.60/modules/pending/discord_krisp-1.zip: 77%
2024-07-22T17:50:36.970Z [Modules] Streaming discord_krisp@1 to /home/paul/.config/discord/0.0.60/modules/pending/discord_krisp-1.zip: 78%
2024-07-22T17:50:36.983Z [Modules] Streaming discord_krisp@1 to /home/paul/.config/discord/0.0.60/modules/pending/discord_krisp-1.zip: 79%
2024-07-22T17:50:36.992Z [Modules] Streaming discord_krisp@1 to /home/paul/.config/discord/0.0.60/modules/pending/discord_krisp-1.zip: 80%
2024-07-22T17:50:37.363Z [Modules] Streaming discord_krisp@1 to /home/paul/.config/discord/0.0.60/modules/pending/discord_krisp-1.zip: 81%
2024-07-22T17:50:37.553Z [Modules] Streaming discord_krisp@1 to /home/paul/.config/discord/0.0.60/modules/pending/discord_krisp-1.zip: 82%
2024-07-22T17:50:37.555Z [Modules] Streaming discord_krisp@1 to /home/paul/.config/discord/0.0.60/modules/pending/discord_krisp-1.zip: 83%
2024-07-22T17:50:37.559Z [Modules] Streaming discord_krisp@1 to /home/paul/.config/discord/0.0.60/modules/pending/discord_krisp-1.zip: 84%
2024-07-22T17:50:37.565Z [Modules] Streaming discord_krisp@1 to /home/paul/.config/discord/0.0.60/modules/pending/discord_krisp-1.zip: 85%
2024-07-22T17:50:37.568Z [Modules] Streaming discord_krisp@1 to /home/paul/.config/discord/0.0.60/modules/pending/discord_krisp-1.zip: 86%
2024-07-22T17:50:37.576Z [Modules] Streaming discord_krisp@1 to /home/paul/.config/discord/0.0.60/modules/pending/discord_krisp-1.zip: 87%
2024-07-22T17:50:37.578Z [Modules] Streaming discord_krisp@1 to /home/paul/.config/discord/0.0.60/modules/pending/discord_krisp-1.zip: 90%
2024-07-22T17:50:37.579Z [Modules] Streaming discord_krisp@1 to /home/paul/.config/discord/0.0.60/modules/pending/discord_krisp-1.zip: 91%
2024-07-22T17:50:37.581Z [Modules] Streaming discord_krisp@1 to /home/paul/.config/discord/0.0.60/modules/pending/discord_krisp-1.zip: 92%
2024-07-22T17:50:37.582Z [Modules] Streaming discord_krisp@1 to /home/paul/.config/discord/0.0.60/modules/pending/discord_krisp-1.zip: 93%
2024-07-22T17:50:37.585Z [Modules] Streaming discord_krisp@1 to /home/paul/.config/discord/0.0.60/modules/pending/discord_krisp-1.zip: 94%
2024-07-22T17:50:37.586Z [Modules] Streaming discord_krisp@1 to /home/paul/.config/discord/0.0.60/modules/pending/discord_krisp-1.zip: 95%
2024-07-22T17:50:37.588Z [Modules] Streaming discord_krisp@1 to /home/paul/.config/discord/0.0.60/modules/pending/discord_krisp-1.zip: 96%
2024-07-22T17:50:37.590Z [Modules] Streaming discord_krisp@1 to /home/paul/.config/discord/0.0.60/modules/pending/discord_krisp-1.zip: 97%
2024-07-22T17:50:37.706Z [Modules] Streaming discord_krisp@1 to /home/paul/.config/discord/0.0.60/modules/pending/discord_krisp-1.zip: 98%
2024-07-22T17:50:37.878Z [Modules] Streaming discord_krisp@1 to /home/paul/.config/discord/0.0.60/modules/pending/discord_krisp-1.zip: 99%
2024-07-22T17:50:37.885Z [Modules] Streaming discord_krisp@1 to /home/paul/.config/discord/0.0.60/modules/pending/discord_krisp-1.zip: 100%
2024-07-22T17:50:37.889Z [Modules] Fetching discord_game_utils@1 from https://discord.com/api/modules/stable/discord_game_utils/1
2024-07-22T17:50:37.889Z [Modules] Streaming discord_game_utils@1 to /home/paul/.config/discord/0.0.60/modules/pending/discord_game_utils-1.zip
2024-07-22T17:50:37.889Z [Modules] Installing discord_krisp@1 from /home/paul/.config/discord/0.0.60/modules/pending/discord_krisp-1.zip
2024-07-22T17:50:38.845Z [Modules] Streaming discord_game_utils@1 to /home/paul/.config/discord/0.0.60/modules/pending/discord_game_utils-1.zip: 2%
2024-07-22T17:50:38.847Z [Modules] Streaming discord_game_utils@1 to /home/paul/.config/discord/0.0.60/modules/pending/discord_game_utils-1.zip: 7%
2024-07-22T17:50:38.975Z [Modules] Finished module installations. [success: 1] [failure: 0]
2024-07-22T17:50:39.014Z [Modules] Streaming discord_game_utils@1 to /home/paul/.config/discord/0.0.60/modules/pending/discord_game_utils-1.zip: 9%
2024-07-22T17:50:39.016Z [Modules] Streaming discord_game_utils@1 to /home/paul/.config/discord/0.0.60/modules/pending/discord_game_utils-1.zip: 12%
2024-07-22T17:50:39.017Z [Modules] Streaming discord_game_utils@1 to /home/paul/.config/discord/0.0.60/modules/pending/discord_game_utils-1.zip: 14%
2024-07-22T17:50:39.026Z [Modules] Streaming discord_game_utils@1 to /home/paul/.config/discord/0.0.60/modules/pending/discord_game_utils-1.zip: 17%
2024-07-22T17:50:39.042Z [Modules] Streaming discord_game_utils@1 to /home/paul/.config/discord/0.0.60/modules/pending/discord_game_utils-1.zip: 19%
2024-07-22T17:50:39.044Z [Modules] Streaming discord_game_utils@1 to /home/paul/.config/discord/0.0.60/modules/pending/discord_game_utils-1.zip: 22%
2024-07-22T17:50:39.046Z [Modules] Streaming discord_game_utils@1 to /home/paul/.config/discord/0.0.60/modules/pending/discord_game_utils-1.zip: 24%
2024-07-22T17:50:39.048Z [Modules] Streaming discord_game_utils@1 to /home/paul/.config/discord/0.0.60/modules/pending/discord_game_utils-1.zip: 27%
2024-07-22T17:50:39.050Z [Modules] Streaming discord_game_utils@1 to /home/paul/.config/discord/0.0.60/modules/pending/discord_game_utils-1.zip: 31%
2024-07-22T17:50:39.051Z [Modules] Streaming discord_game_utils@1 to /home/paul/.config/discord/0.0.60/modules/pending/discord_game_utils-1.zip: 38%
2024-07-22T17:50:39.053Z [Modules] Streaming discord_game_utils@1 to /home/paul/.config/discord/0.0.60/modules/pending/discord_game_utils-1.zip: 46%
2024-07-22T17:50:39.054Z [Modules] Streaming discord_game_utils@1 to /home/paul/.config/discord/0.0.60/modules/pending/discord_game_utils-1.zip: 50%
2024-07-22T17:50:39.055Z [Modules] Streaming discord_game_utils@1 to /home/paul/.config/discord/0.0.60/modules/pending/discord_game_utils-1.zip: 55%
2024-07-22T17:50:39.056Z [Modules] Streaming discord_game_utils@1 to /home/paul/.config/discord/0.0.60/modules/pending/discord_game_utils-1.zip: 57%
2024-07-22T17:50:39.081Z [Modules] Streaming discord_game_utils@1 to /home/paul/.config/discord/0.0.60/modules/pending/discord_game_utils-1.zip: 60%
2024-07-22T17:50:39.084Z [Modules] Streaming discord_game_utils@1 to /home/paul/.config/discord/0.0.60/modules/pending/discord_game_utils-1.zip: 63%
2024-07-22T17:50:39.086Z [Modules] Streaming discord_game_utils@1 to /home/paul/.config/discord/0.0.60/modules/pending/discord_game_utils-1.zip: 67%
2024-07-22T17:50:39.088Z [Modules] Streaming discord_game_utils@1 to /home/paul/.config/discord/0.0.60/modules/pending/discord_game_utils-1.zip: 72%
2024-07-22T17:50:39.090Z [Modules] Streaming discord_game_utils@1 to /home/paul/.config/discord/0.0.60/modules/pending/discord_game_utils-1.zip: 75%
2024-07-22T17:50:39.093Z [Modules] Streaming discord_game_utils@1 to /home/paul/.config/discord/0.0.60/modules/pending/discord_game_utils-1.zip: 85%
2024-07-22T17:50:39.620Z [Modules] Streaming discord_game_utils@1 to /home/paul/.config/discord/0.0.60/modules/pending/discord_game_utils-1.zip: 87%
2024-07-22T17:50:39.622Z [Modules] Streaming discord_game_utils@1 to /home/paul/.config/discord/0.0.60/modules/pending/discord_game_utils-1.zip: 90%
2024-07-22T17:50:39.624Z [Modules] Streaming discord_game_utils@1 to /home/paul/.config/discord/0.0.60/modules/pending/discord_game_utils-1.zip: 95%
2024-07-22T17:50:39.626Z [Modules] Streaming discord_game_utils@1 to /home/paul/.config/discord/0.0.60/modules/pending/discord_game_utils-1.zip: 97%
2024-07-22T17:50:39.629Z [Modules] Streaming discord_game_utils@1 to /home/paul/.config/discord/0.0.60/modules/pending/discord_game_utils-1.zip: 100%
2024-07-22T17:50:39.633Z [Modules] Fetching discord_rpc@1 from https://discord.com/api/modules/stable/discord_rpc/1
2024-07-22T17:50:39.634Z [Modules] Streaming discord_rpc@1 to /home/paul/.config/discord/0.0.60/modules/pending/discord_rpc-1.zip
2024-07-22T17:50:39.634Z [Modules] Installing discord_game_utils@1 from /home/paul/.config/discord/0.0.60/modules/pending/discord_game_utils-1.zip
2024-07-22T17:50:39.873Z [Modules] Finished module installations. [success: 1] [failure: 0]
2024-07-22T17:50:40.188Z [Modules] Streaming discord_rpc@1 to /home/paul/.config/discord/0.0.60/modules/pending/discord_rpc-1.zip: 100%
2024-07-22T17:50:40.194Z [Modules] Finished module downloads. [success: 3] [failure: 0]
2024-07-22T17:50:40.195Z [Modules] Installing discord_rpc@1 from /home/paul/.config/discord/0.0.60/modules/pending/discord_rpc-1.zip
2024-07-22T17:50:40.261Z [Modules] Finished module installations. [success: 1] [failure: 0]
2024-07-22T18:50:36.922Z [Modules] Checking for host updates.
2024-07-22T18:50:37.432Z [Modules] Host is up to date.
2024-07-22T18:50:37.432Z [Modules] Checking for module updates at https://discord.com/api/modules/stable/versions.json
2024-07-22T18:50:37.504Z [Modules] No module updates available.
2024-07-22T20:00:56.582Z [Modules] Modules initializing
2024-07-22T20:00:56.582Z [Modules] Distribution: remote
2024-07-22T20:00:56.582Z [Modules] Host updates: enabled
2024-07-22T20:00:56.583Z [Modules] Module updates: enabled
2024-07-22T20:00:56.587Z [Modules] Module install path: /home/paul/.config/discord/0.0.60/modules
2024-07-22T20:00:56.587Z [Modules] Module installed file path: /home/paul/.config/discord/0.0.60/modules/installed.json
2024-07-22T20:00:56.587Z [Modules] Module download path: /home/paul/.config/discord/0.0.60/modules/pending
2024-07-22T20:00:56.844Z [Modules] No updates to install
2024-07-22T20:00:56.845Z [Modules] Checking for host updates.
2024-07-22T20:01:02.423Z [Modules] Host update is available. Manual update required!
2024-07-23T12:31:50.603Z [Modules] Modules initializing
2024-07-23T12:31:50.604Z [Modules] Distribution: remote
2024-07-23T12:31:50.604Z [Modules] Host updates: enabled
2024-07-23T12:31:50.605Z [Modules] Module updates: enabled
2024-07-23T12:31:50.605Z [Modules] Module install path: /home/paul/.config/discord/0.0.60/modules
2024-07-23T12:31:50.605Z [Modules] Module installed file path: /home/paul/.config/discord/0.0.60/modules/installed.json
2024-07-23T12:31:50.606Z [Modules] Module download path: /home/paul/.config/discord/0.0.60/modules/pending
2024-07-23T12:31:51.265Z [Modules] No updates to install
2024-07-23T12:31:51.267Z [Modules] Checking for host updates.
2024-07-23T12:31:57.048Z [Modules] Host update is available. Manual update required!
2024-07-23T12:34:56.167Z [Modules] Modules initializing
2024-07-23T12:34:56.167Z [Modules] Distribution: remote
2024-07-23T12:34:56.168Z [Modules] Host updates: disabled
2024-07-23T12:34:56.168Z [Modules] Module updates: enabled
2024-07-23T12:34:56.168Z [Modules] Module install path: /home/paul/.config/discord/0.0.60/modules
2024-07-23T12:34:56.169Z [Modules] Module installed file path: /home/paul/.config/discord/0.0.60/modules/installed.json
2024-07-23T12:34:56.169Z [Modules] Module download path: /home/paul/.config/discord/0.0.60/modules/pending
2024-07-23T12:34:56.744Z [Modules] No updates to install
2024-07-23T12:34:56.745Z [Modules] Host is up to date.
2024-07-23T12:34:56.746Z [Modules] Checking for module updates at https://discord.com/api/modules/stable/versions.json
2024-07-23T12:35:02.542Z [Modules] No module updates available.
2024-07-23T12:35:15.094Z [Modules] Host is up to date.
2024-07-23T12:35:15.094Z [Modules] Checking for module updates at https://discord.com/api/modules/stable/versions.json
2024-07-23T12:35:15.493Z [Modules] No module updates available.
2024-07-23T15:25:34.381Z [Modules] Modules initializing
2024-07-23T15:25:34.382Z [Modules] Distribution: remote
2024-07-23T15:25:34.382Z [Modules] Host updates: disabled
2024-07-23T15:25:34.382Z [Modules] Module updates: enabled
2024-07-23T15:25:34.383Z [Modules] Module install path: /home/paul/.config/discord/0.0.60/modules
2024-07-23T15:25:34.383Z [Modules] Module installed file path: /home/paul/.config/discord/0.0.60/modules/installed.json
2024-07-23T15:25:34.383Z [Modules] Module download path: /home/paul/.config/discord/0.0.60/modules/pending
2024-07-23T15:25:35.020Z [Modules] No updates to install
2024-07-23T15:25:35.022Z [Modules] Host is up to date.
2024-07-23T15:25:35.023Z [Modules] Checking for module updates at https://discord.com/api/modules/stable/versions.json
2024-07-23T15:25:41.446Z [Modules] No module updates available.
2024-07-23T15:25:54.843Z [Modules] Host is up to date.
2024-07-23T15:25:54.844Z [Modules] Checking for module updates at https://discord.com/api/modules/stable/versions.json
2024-07-23T15:25:54.853Z [Modules] No module updates available.
2024-07-23T16:25:54.937Z [Modules] Host is up to date.
2024-07-23T16:25:54.948Z [Modules] Checking for module updates at https://discord.com/api/modules/stable/versions.json
2024-07-23T16:25:55.625Z [Modules] No module updates available.
2024-07-23T17:25:55.042Z [Modules] Host is up to date.
2024-07-23T17:25:55.048Z [Modules] Checking for module updates at https://discord.com/api/modules/stable/versions.json
2024-07-23T17:25:55.709Z [Modules] No module updates available.
2024-07-23T18:25:54.860Z [Modules] Host is up to date.
2024-07-23T18:25:54.861Z [Modules] Checking for module updates at https://discord.com/api/modules/stable/versions.json
2024-07-23T18:25:55.015Z [Modules] No module updates available.
2024-07-23T19:25:54.851Z [Modules] Host is up to date.
2024-07-23T19:25:54.851Z [Modules] Checking for module updates at https://discord.com/api/modules/stable/versions.json
2024-07-23T19:25:55.367Z [Modules] No module updates available.
2024-07-25T15:13:32.849Z [Modules] Modules initializing
2024-07-25T15:13:32.849Z [Modules] Distribution: remote
2024-07-25T15:13:32.850Z [Modules] Host updates: disabled
2024-07-25T15:13:32.850Z [Modules] Module updates: enabled
2024-07-25T15:13:32.859Z [Modules] Module install path: /home/paul/.config/discord/0.0.60/modules
2024-07-25T15:13:32.859Z [Modules] Module installed file path: /home/paul/.config/discord/0.0.60/modules/installed.json
2024-07-25T15:13:32.859Z [Modules] Module download path: /home/paul/.config/discord/0.0.60/modules/pending
2024-07-25T15:13:33.890Z [Modules] No updates to install
2024-07-25T15:13:33.892Z [Modules] Host is up to date.
2024-07-25T15:13:33.893Z [Modules] Checking for module updates at https://discord.com/api/modules/stable/versions.json
2024-07-25T15:13:35.290Z [Modules] No module updates available.
2024-07-25T15:14:09.340Z [Modules] Host is up to date.
2024-07-25T15:14:09.340Z [Modules] Checking for module updates at https://discord.com/api/modules/stable/versions.json
2024-07-25T15:14:09.349Z [Modules] No module updates available.
2024-07-25T16:14:09.347Z [Modules] Host is up to date.
2024-07-25T16:14:09.347Z [Modules] Checking for module updates at https://discord.com/api/modules/stable/versions.json
2024-07-25T16:14:09.545Z [Modules] No module updates available.
2024-07-25T17:14:09.341Z [Modules] Host is up to date.
2024-07-25T17:14:09.342Z [Modules] Checking for module updates at https://discord.com/api/modules/stable/versions.json
2024-07-25T17:14:09.489Z [Modules] No module updates available.
2024-07-26T16:43:02.266Z [Modules] Modules initializing
2024-07-26T16:43:02.266Z [Modules] Distribution: remote
2024-07-26T16:43:02.267Z [Modules] Host updates: disabled
2024-07-26T16:43:02.275Z [Modules] Module updates: enabled
2024-07-26T16:43:02.276Z [Modules] Module install path: /home/paul/.config/discord/0.0.60/modules
2024-07-26T16:43:02.277Z [Modules] Module installed file path: /home/paul/.config/discord/0.0.60/modules/installed.json
2024-07-26T16:43:02.278Z [Modules] Module download path: /home/paul/.config/discord/0.0.60/modules/pending
2024-07-26T16:43:03.023Z [Modules] No updates to install
2024-07-26T16:43:03.029Z [Modules] Host is up to date.
2024-07-26T16:43:03.031Z [Modules] Checking for module updates at https://discord.com/api/modules/stable/versions.json
2024-07-26T20:12:48.909Z [Modules] Modules initializing
2024-07-26T20:12:48.910Z [Modules] Distribution: remote
2024-07-26T20:12:48.910Z [Modules] Host updates: disabled
2024-07-26T20:12:48.910Z [Modules] Module updates: enabled
2024-07-26T20:12:48.910Z [Modules] Module install path: /home/paul/.config/discord/0.0.60/modules
2024-07-26T20:12:48.910Z [Modules] Module installed file path: /home/paul/.config/discord/0.0.60/modules/installed.json
2024-07-26T20:12:48.910Z [Modules] Module download path: /home/paul/.config/discord/0.0.60/modules/pending
2024-07-26T20:12:49.187Z [Modules] No updates to install
2024-07-26T20:12:49.188Z [Modules] Host is up to date.
2024-07-26T20:12:49.188Z [Modules] Checking for module updates at https://discord.com/api/modules/stable/versions.json
2024-07-27T14:28:12.987Z [Modules] Modules initializing
2024-07-27T14:28:12.987Z [Modules] Distribution: remote
2024-07-27T14:28:12.987Z [Modules] Host updates: disabled
2024-07-27T14:28:12.987Z [Modules] Module updates: enabled
2024-07-27T14:28:12.988Z [Modules] Module install path: /home/paul/.config/discord/0.0.60/modules
2024-07-27T14:28:12.988Z [Modules] Module installed file path: /home/paul/.config/discord/0.0.60/modules/installed.json
2024-07-27T14:28:12.988Z [Modules] Module download path: /home/paul/.config/discord/0.0.60/modules/pending
2024-07-27T14:28:13.347Z [Modules] No updates to install
2024-07-27T14:28:13.348Z [Modules] Host is up to date.
2024-07-27T14:28:13.348Z [Modules] Checking for module updates at https://discord.com/api/modules/stable/versions.json
2024-07-27T14:28:18.984Z [Modules] No module updates available.
2024-07-27T14:28:22.661Z [Modules] Host is up to date.
2024-07-27T14:28:22.661Z [Modules] Checking for module updates at https://discord.com/api/modules/stable/versions.json
2024-07-27T14:28:22.667Z [Modules] No module updates available.
2024-07-27T14:29:38.613Z [Modules] Modules initializing
2024-07-27T14:29:38.614Z [Modules] Distribution: remote
2024-07-27T14:29:38.620Z [Modules] Host updates: disabled
2024-07-27T14:29:38.621Z [Modules] Module updates: enabled
2024-07-27T14:29:38.621Z [Modules] Module install path: /home/paul/.config/discord/0.0.60/modules
2024-07-27T14:29:38.622Z [Modules] Module installed file path: /home/paul/.config/discord/0.0.60/modules/installed.json
2024-07-27T14:29:38.622Z [Modules] Module download path: /home/paul/.config/discord/0.0.60/modules/pending
2024-07-27T14:29:38.898Z [Modules] No updates to install
2024-07-27T14:29:38.899Z [Modules] Host is up to date.
2024-07-27T14:29:38.899Z [Modules] Checking for module updates at https://discord.com/api/modules/stable/versions.json
2024-07-27T14:29:38.912Z [Modules] No module updates available.
2024-07-27T14:29:47.956Z [Modules] Host is up to date.
2024-07-27T14:29:47.956Z [Modules] Checking for module updates at https://discord.com/api/modules/stable/versions.json
2024-07-27T14:29:47.961Z [Modules] No module updates available.
2024-07-27T15:29:47.961Z [Modules] Host is up to date.
2024-07-27T15:29:47.961Z [Modules] Checking for module updates at https://discord.com/api/modules/stable/versions.json
2024-07-27T15:29:49.102Z [Modules] No module updates available.
2024-07-27T16:29:47.964Z [Modules] Host is up to date.
2024-07-27T16:29:47.964Z [Modules] Checking for module updates at https://discord.com/api/modules/stable/versions.json
2024-07-27T16:29:48.489Z [Modules] No module updates available.
2024-07-27T17:29:47.964Z [Modules] Host is up to date.
2024-07-27T17:29:47.964Z [Modules] Checking for module updates at https://discord.com/api/modules/stable/versions.json
2024-07-27T17:29:48.450Z [Modules] No module updates available.
2024-07-27T18:29:47.964Z [Modules] Host is up to date.
2024-07-27T18:29:47.964Z [Modules] Checking for module updates at https://discord.com/api/modules/stable/versions.json
2024-07-27T18:29:48.806Z [Modules] No module updates available.
